#
# There is insufficient memory for the Java Runtime Environment to continue.
# Native memory allocation (malloc) failed to allocate 32744 bytes for ChunkPool::allocate
# Possible reasons:
#   The system is out of physical RAM or swap space
#   In 32 bit mode, the process size limit was hit
# Possible solutions:
#   Reduce memory load on the system
#   Increase physical memory or swap space
#   Check if swap backing store is full
#   Use 64 bit Java on a 64 bit OS
#   Decrease Java heap size (-Xmx/-Xms)
#   Decrease number of Java threads
#   Decrease Java thread stack sizes (-Xss)
#   Set larger code cache with -XX:ReservedCodeCacheSize=
# This output file may be truncated or incomplete.
#
#  Out of Memory Error (allocation.cpp:273), pid=12160, tid=0x0000000000002138
#
# JRE version: OpenJDK Runtime Environment (8.0_152-b01) (build 1.8.0_152-release-1248-b01)
# Java VM: OpenJDK 64-Bit Server VM (25.152-b01 mixed mode windows-amd64 compressed oops)
# Failed to write core dump. Minidumps are not enabled by default on client versions of Windows
#

---------------  T H R E A D  ---------------

Current thread (0x0000000015f2a000):  JavaThread "C2 CompilerThread0" daemon [_thread_in_native, id=8504, stack(0x0000000017580000,0x0000000017680000)]

Stack: [0x0000000017580000,0x0000000017680000]
[error occurred during error reporting (printing stack bounds), id 0xc0000005]

Native frames: (J=compiled Java code, j=interpreted, Vv=VM code, C=native code)


Current CompileTask:
C2:   4701 1412   !   4       java.net.URLClassLoader$1::run (63 bytes)


---------------  P R O C E S S  ---------------

Java Threads: ( => current thread )
  0x000000001a79f000 JavaThread "Cache worker for journal cache (C:\Users\hansr\.gradle\caches\journal-1)" [_thread_blocked, id=1148, stack(0x000000001cb70000,0x000000001cc70000)]
  0x000000001a79e800 JavaThread "Cache worker for file hash cache (C:\Users\hansr\Documents\AndroidStudioProjek\FindWays\.gradle\4.10.1\fileHashes)" [_thread_blocked, id=7564, stack(0x000000001baa0000,0x000000001bba0000)]
  0x000000001a720800 JavaThread "File lock request listener" [_thread_in_native, id=4300, stack(0x000000001b9a0000,0x000000001baa0000)]
  0x000000001a77e800 JavaThread "Cache worker for file hash cache (C:\Users\hansr\.gradle\caches\4.10.1\fileHashes)" [_thread_blocked, id=11948, stack(0x000000001b8a0000,0x000000001b9a0000)]
  0x0000000018fbc000 JavaThread "Stdin handler" [_thread_blocked, id=12908, stack(0x000000001a5d0000,0x000000001a6d0000)]
  0x0000000018fb3000 JavaThread "Asynchronous log dispatcher for DefaultDaemonConnection: socket connection from /127.0.0.1:55593 to /127.0.0.1:55594" [_thread_blocked, id=7352, stack(0x000000001a4d0000,0x000000001a5d0000)]
  0x0000000018fc2800 JavaThread "Daemon worker" [_thread_blocked, id=13888, stack(0x000000001a1d0000,0x000000001a2d0000)]
  0x0000000018fc1800 JavaThread "Cancel handler" [_thread_blocked, id=8304, stack(0x000000001a0d0000,0x000000001a1d0000)]
  0x0000000018f67800 JavaThread "Handler for socket connection from /127.0.0.1:55593 to /127.0.0.1:55594" [_thread_in_native, id=14864, stack(0x0000000019fd0000,0x000000001a0d0000)]
  0x0000000018f5b800 JavaThread "Daemon" [_thread_blocked, id=12956, stack(0x0000000019ed0000,0x0000000019fd0000)]
  0x0000000018b75000 JavaThread "Daemon periodic checks" [_thread_blocked, id=9040, stack(0x0000000019dd0000,0x0000000019ed0000)]
  0x0000000018ba7800 JavaThread "Incoming local TCP Connector on port 55593" [_thread_in_native, id=15444, stack(0x0000000019b90000,0x0000000019c90000)]
  0x00000000178a2800 JavaThread "Service Thread" daemon [_thread_blocked, id=1904, stack(0x0000000017c80000,0x0000000017d80000)]
  0x0000000015f38000 JavaThread "C1 CompilerThread2" daemon [_thread_blocked, id=4464, stack(0x0000000017780000,0x0000000017880000)]
  0x0000000015f2e000 JavaThread "C2 CompilerThread1" daemon [_thread_in_native, id=11556, stack(0x0000000017680000,0x0000000017780000)]
=>0x0000000015f2a000 JavaThread "C2 CompilerThread0" daemon [_thread_in_native, id=8504, stack(0x0000000017580000,0x0000000017680000)]
  0x0000000015f37000 JavaThread "Attach Listener" daemon [_thread_blocked, id=404, stack(0x0000000017480000,0x0000000017580000)]
  0x0000000015f36000 JavaThread "Signal Dispatcher" daemon [_thread_blocked, id=2440, stack(0x0000000017380000,0x0000000017480000)]
  0x00000000025bb800 JavaThread "Finalizer" daemon [_thread_blocked, id=12196, stack(0x0000000017190000,0x0000000017290000)]
  0x00000000025b0800 JavaThread "Reference Handler" daemon [_thread_blocked, id=8948, stack(0x0000000017090000,0x0000000017190000)]
  0x000000000239e000 JavaThread "main" [_thread_blocked, id=12720, stack(0x00000000023a0000,0x00000000024a0000)]

Other Threads:
  0x0000000015ef7000 VMThread [stack: 0x0000000016f90000,0x0000000017090000] [id=7532]
  0x00000000178a3000 WatcherThread [stack: 0x0000000017d80000,0x0000000017e80000] [id=4604]

VM state:at safepoint (normal execution)

VM Mutex/Monitor currently owned by a thread:  ([mutex/lock_event])
[0x000000000239cb30] Threads_lock - owner thread: 0x0000000015ef7000
[0x000000000239ca30] Heap_lock - owner thread: 0x000000001a77e800

Heap:
 PSYoungGen      total 38400K, used 14810K [0x00000000e0000000, 0x00000000e2a80000, 0x0000000100000000)
  eden space 33280K, 29% used [0x00000000e0000000,0x00000000e097a9b8,0x00000000e2080000)
  from space 5120K, 99% used [0x00000000e2580000,0x00000000e2a7c010,0x00000000e2a80000)
  to   space 5120K, 42% used [0x00000000e2080000,0x00000000e22a0020,0x00000000e2580000)
 ParOldGen       total 87552K, used 5291K [0x00000000a0000000, 0x00000000a5580000, 0x00000000e0000000)
  object space 87552K, 6% used [0x00000000a0000000,0x00000000a052ac38,0x00000000a5580000)
 Metaspace       used 17664K, capacity 17980K, committed 18176K, reserved 1069056K
  class space    used 2567K, capacity 2714K, committed 2816K, reserved 1048576K

Card table byte_map: [0x0000000011980000,0x0000000011c90000] byte_map_base: 0x0000000011480000

Marking Bits: (ParMarkBitMap*) 0x000000005d285aa0
 Begin Bits: [0x0000000012290000, 0x0000000013a90000)
 End Bits:   [0x0000000013a90000, 0x0000000015290000)

Polling page: 0x0000000000a80000

CodeCache: size=245760Kb used=5256Kb max_used=5256Kb free=240503Kb
 bounds [0x00000000025c0000, 0x0000000002af0000, 0x00000000115c0000]
 total_blobs=1945 nmethods=1552 adapters=306
 compilation: enabled

Compilation events (10 events):
Event: 4.627 Thread 0x0000000015f38000 1553       3       java.lang.Enum::<init> (15 bytes)
Event: 4.627 Thread 0x0000000015f38000 nmethod 1553 0x0000000002ae06d0 code [0x0000000002ae0820, 0x0000000002ae09f0]
Event: 4.634 Thread 0x0000000015f38000 1554       3       java.util.concurrent.locks.AbstractQueuedSynchronizer::<init> (5 bytes)
Event: 4.635 Thread 0x0000000015f38000 nmethod 1554 0x0000000002ae0f50 code [0x0000000002ae10c0, 0x0000000002ae12d0]
Event: 4.635 Thread 0x0000000015f38000 1555       3       sun.reflect.NativeMethodAccessorImpl::invoke (104 bytes)
Event: 4.637 Thread 0x0000000015f38000 nmethod 1555 0x0000000002ae1390 code [0x0000000002ae1600, 0x0000000002ae2a98]
Event: 4.666 Thread 0x0000000015f38000 1557       3       java.lang.Long::valueOf (36 bytes)
Event: 4.666 Thread 0x0000000015f38000 nmethod 1557 0x0000000002ae3750 code [0x0000000002ae38c0, 0x0000000002ae3c30]
Event: 4.668 Thread 0x0000000015f38000 1558       3       java.lang.ThreadLocal$ThreadLocalMap::nextIndex (15 bytes)
Event: 4.669 Thread 0x0000000015f38000 nmethod 1558 0x0000000002ae3e10 code [0x0000000002ae3f60, 0x0000000002ae40f0]

GC Heap History (9 events):
Event: 1.587 GC heap before
{Heap before GC invocations=1 (full 0):
 PSYoungGen      total 38400K, used 33280K [0x00000000e0000000, 0x00000000e2a80000, 0x0000000100000000)
  eden space 33280K, 100% used [0x00000000e0000000,0x00000000e2080000,0x00000000e2080000)
  from space 5120K, 0% used [0x00000000e2580000,0x00000000e2580000,0x00000000e2a80000)
  to   space 5120K, 0% used [0x00000000e2080000,0x00000000e2080000,0x00000000e2580000)
 ParOldGen       total 87552K, used 0K [0x00000000a0000000, 0x00000000a5580000, 0x00000000e0000000)
  object space 87552K, 0% used [0x00000000a0000000,0x00000000a0000000,0x00000000a5580000)
 Metaspace       used 6505K, capacity 6606K, committed 6784K, reserved 1056768K
  class space    used 795K, capacity 843K, committed 896K, reserved 1048576K
Event: 1.594 GC heap after
Heap after GC invocations=1 (full 0):
 PSYoungGen      total 38400K, used 4039K [0x00000000e0000000, 0x00000000e2a80000, 0x0000000100000000)
  eden space 33280K, 0% used [0x00000000e0000000,0x00000000e0000000,0x00000000e2080000)
  from space 5120K, 78% used [0x00000000e2080000,0x00000000e2471f98,0x00000000e2580000)
  to   space 5120K, 0% used [0x00000000e2580000,0x00000000e2580000,0x00000000e2a80000)
 ParOldGen       total 87552K, used 8K [0x00000000a0000000, 0x00000000a5580000, 0x00000000e0000000)
  object space 87552K, 0% used [0x00000000a0000000,0x00000000a0002000,0x00000000a5580000)
 Metaspace       used 6505K, capacity 6606K, committed 6784K, reserved 1056768K
  class space    used 795K, capacity 843K, committed 896K, reserved 1048576K
}
Event: 2.468 GC heap before
{Heap before GC invocations=2 (full 0):
 PSYoungGen      total 38400K, used 37319K [0x00000000e0000000, 0x00000000e2a80000, 0x0000000100000000)
  eden space 33280K, 100% used [0x00000000e0000000,0x00000000e2080000,0x00000000e2080000)
  from space 5120K, 78% used [0x00000000e2080000,0x00000000e2471f98,0x00000000e2580000)
  to   space 5120K, 0% used [0x00000000e2580000,0x00000000e2580000,0x00000000e2a80000)
 ParOldGen       total 87552K, used 8K [0x00000000a0000000, 0x00000000a5580000, 0x00000000e0000000)
  object space 87552K, 0% used [0x00000000a0000000,0x00000000a0002000,0x00000000a5580000)
 Metaspace       used 9779K, capacity 9980K, committed 10112K, reserved 1058816K
  class space    used 1308K, capacity 1388K, committed 1408K, reserved 1048576K
Event: 2.476 GC heap after
Heap after GC invocations=2 (full 0):
 PSYoungGen      total 38400K, used 5075K [0x00000000e0000000, 0x00000000e2a80000, 0x0000000100000000)
  eden space 33280K, 0% used [0x00000000e0000000,0x00000000e0000000,0x00000000e2080000)
  from space 5120K, 99% used [0x00000000e2580000,0x00000000e2a74d50,0x00000000e2a80000)
  to   space 5120K, 0% used [0x00000000e2080000,0x00000000e2080000,0x00000000e2580000)
 ParOldGen       total 87552K, used 16K [0x00000000a0000000, 0x00000000a5580000, 0x00000000e0000000)
  object space 87552K, 0% used [0x00000000a0000000,0x00000000a0004000,0x00000000a5580000)
 Metaspace       used 9779K, capacity 9980K, committed 10112K, reserved 1058816K
  class space    used 1308K, capacity 1388K, committed 1408K, reserved 1048576K
}
Event: 3.745 GC heap before
{Heap before GC invocations=3 (full 0):
 PSYoungGen      total 38400K, used 38355K [0x00000000e0000000, 0x00000000e2a80000, 0x0000000100000000)
  eden space 33280K, 100% used [0x00000000e0000000,0x00000000e2080000,0x00000000e2080000)
  from space 5120K, 99% used [0x00000000e2580000,0x00000000e2a74d50,0x00000000e2a80000)
  to   space 5120K, 0% used [0x00000000e2080000,0x00000000e2080000,0x00000000e2580000)
 ParOldGen       total 87552K, used 16K [0x00000000a0000000, 0x00000000a5580000, 0x00000000e0000000)
  object space 87552K, 0% used [0x00000000a0000000,0x00000000a0004000,0x00000000a5580000)
 Metaspace       used 13599K, capacity 13966K, committed 14208K, reserved 1060864K
  class space    used 1917K, capacity 2059K, committed 2176K, reserved 1048576K
Event: 3.756 GC heap after
Heap after GC invocations=3 (full 0):
 PSYoungGen      total 38400K, used 5110K [0x00000000e0000000, 0x00000000e2a80000, 0x0000000100000000)
  eden space 33280K, 0% used [0x00000000e0000000,0x00000000e0000000,0x00000000e2080000)
  from space 5120K, 99% used [0x00000000e2080000,0x00000000e257daa8,0x00000000e2580000)
  to   space 5120K, 0% used [0x00000000e2580000,0x00000000e2580000,0x00000000e2a80000)
 ParOldGen       total 87552K, used 2044K [0x00000000a0000000, 0x00000000a5580000, 0x00000000e0000000)
  object space 87552K, 2% used [0x00000000a0000000,0x00000000a01ff020,0x00000000a5580000)
 Metaspace       used 13599K, capacity 13966K, committed 14208K, reserved 1060864K
  class space    used 1917K, capacity 2059K, committed 2176K, reserved 1048576K
}
Event: 4.452 GC heap before
{Heap before GC invocations=4 (full 0):
 PSYoungGen      total 38400K, used 38390K [0x00000000e0000000, 0x00000000e2a80000, 0x0000000100000000)
  eden space 33280K, 100% used [0x00000000e0000000,0x00000000e2080000,0x00000000e2080000)
  from space 5120K, 99% used [0x00000000e2080000,0x00000000e257daa8,0x00000000e2580000)
  to   space 5120K, 0% used [0x00000000e2580000,0x00000000e2580000,0x00000000e2a80000)
 ParOldGen       total 87552K, used 2044K [0x00000000a0000000, 0x00000000a5580000, 0x00000000e0000000)
  object space 87552K, 2% used [0x00000000a0000000,0x00000000a01ff020,0x00000000a5580000)
 Metaspace       used 16730K, capacity 17086K, committed 17152K, reserved 1064960K
  class space    used 2412K, capacity 2549K, committed 2560K, reserved 1048576K
Event: 4.467 GC heap after
Heap after GC invocations=4 (full 0):
 PSYoungGen      total 38400K, used 5104K [0x00000000e0000000, 0x00000000e2a80000, 0x0000000100000000)
  eden space 33280K, 0% used [0x00000000e0000000,0x00000000e0000000,0x00000000e2080000)
  from space 5120K, 99% used [0x00000000e2580000,0x00000000e2a7c010,0x00000000e2a80000)
  to   space 5120K, 0% used [0x00000000e2080000,0x00000000e2080000,0x00000000e2580000)
 ParOldGen       total 87552K, used 5291K [0x00000000a0000000, 0x00000000a5580000, 0x00000000e0000000)
  object space 87552K, 6% used [0x00000000a0000000,0x00000000a052ac38,0x00000000a5580000)
 Metaspace       used 16730K, capacity 17086K, committed 17152K, reserved 1064960K
  class space    used 2412K, capacity 2549K, committed 2560K, reserved 1048576K
}
Event: 4.696 GC heap before
{Heap before GC invocations=5 (full 0):
 PSYoungGen      total 38400K, used 14810K [0x00000000e0000000, 0x00000000e2a80000, 0x0000000100000000)
  eden space 33280K, 29% used [0x00000000e0000000,0x00000000e097a9b8,0x00000000e2080000)
  from space 5120K, 99% used [0x00000000e2580000,0x00000000e2a7c010,0x00000000e2a80000)
  to   space 5120K, 0% used [0x00000000e2080000,0x00000000e2080000,0x00000000e2580000)
 ParOldGen       total 87552K, used 5291K [0x00000000a0000000, 0x00000000a5580000, 0x00000000e0000000)
  object space 87552K, 6% used [0x00000000a0000000,0x00000000a052ac38,0x00000000a5580000)
 Metaspace       used 17664K, capacity 17980K, committed 18176K, reserved 1069056K
  class space    used 2567K, capacity 2714K, committed 2816K, reserved 1048576K

Deoptimization events (10 events):
Event: 3.442 Thread 0x0000000018fc2800 Uncommon trap: reason=bimorphic action=maybe_recompile pc=0x0000000002845624 method=java.util.HashMap.putVal(ILjava/lang/Object;Ljava/lang/Object;ZZ)Ljava/lang/Object; @ 253
Event: 3.815 Thread 0x0000000018fc2800 Uncommon trap: reason=class_check action=maybe_recompile pc=0x0000000002876e44 method=java.util.regex.Matcher.match(II)Z @ 86
Event: 3.835 Thread 0x0000000018fc2800 Uncommon trap: reason=class_check action=maybe_recompile pc=0x0000000002876e44 method=java.util.regex.Matcher.match(II)Z @ 86
Event: 3.836 Thread 0x0000000018fc2800 Uncommon trap: reason=class_check action=maybe_recompile pc=0x0000000002876e44 method=java.util.regex.Matcher.match(II)Z @ 86
Event: 3.836 Thread 0x0000000018fc2800 Uncommon trap: reason=class_check action=maybe_recompile pc=0x0000000002842320 method=java.util.regex.Matcher.match(II)Z @ 86
Event: 4.045 Thread 0x0000000018fc2800 Uncommon trap: reason=unstable_if action=reinterpret pc=0x00000000029fefb4 method=java.lang.String.lastIndexOf([CII[CIII)I @ 66
Event: 4.526 Thread 0x0000000018fc2800 Uncommon trap: reason=unstable_if action=reinterpret pc=0x000000000271c8c8 method=java.net.URI.match(CJJ)Z @ 19
Event: 4.526 Thread 0x0000000018fc2800 Uncommon trap: reason=unstable_if action=reinterpret pc=0x0000000002812f00 method=java.net.URI.match(CJJ)Z @ 19
Event: 4.526 Thread 0x0000000018fc2800 Uncommon trap: reason=unstable_if action=reinterpret pc=0x000000000271d048 method=java.net.URI.match(CJJ)Z @ 19
Event: 4.589 Thread 0x0000000018fc2800 Uncommon trap: reason=unstable_if action=reinterpret pc=0x0000000002878058 method=java.io.File.getName()Ljava/lang/String; @ 16

Classes redefined (0 events):
No events

Internal exceptions (10 events):
Event: 3.379 Thread 0x0000000018f67800 Exception <a 'java/lang/NoSuchMethodError': <clinit>> (0x00000000e0591040) thrown at [D:\src\AOSP-openjdk-cygwin\jdk8u\hotspot\src\share\vm\prims\jni.cpp, line 1613]
Event: 3.380 Thread 0x0000000018f67800 Exception <a 'java/lang/NoSuchMethodError': <clinit>> (0x00000000e0599b08) thrown at [D:\src\AOSP-openjdk-cygwin\jdk8u\hotspot\src\share\vm\prims\jni.cpp, line 1613]
Event: 3.382 Thread 0x0000000018f67800 Exception <a 'java/lang/NoSuchMethodError': <clinit>> (0x00000000e05af9f0) thrown at [D:\src\AOSP-openjdk-cygwin\jdk8u\hotspot\src\share\vm\prims\jni.cpp, line 1613]
Event: 3.394 Thread 0x0000000018f67800 Exception <a 'java/lang/NoSuchMethodError': <clinit>> (0x00000000e060dfe0) thrown at [D:\src\AOSP-openjdk-cygwin\jdk8u\hotspot\src\share\vm\prims\jni.cpp, line 1613]
Event: 3.399 Thread 0x0000000018f67800 Exception <a 'java/lang/NoSuchMethodError': <clinit>> (0x00000000e0639eb8) thrown at [D:\src\AOSP-openjdk-cygwin\jdk8u\hotspot\src\share\vm\prims\jni.cpp, line 1613]
Event: 3.406 Thread 0x0000000018f67800 Exception <a 'java/lang/NoSuchMethodError': <clinit>> (0x00000000e06570e0) thrown at [D:\src\AOSP-openjdk-cygwin\jdk8u\hotspot\src\share\vm\prims\jni.cpp, line 1613]
Event: 4.618 Thread 0x0000000018fc2800 Exception <a 'java/lang/NoSuchMethodError': <clinit>> (0x00000000e06a3188) thrown at [D:\src\AOSP-openjdk-cygwin\jdk8u\hotspot\src\share\vm\prims\jni.cpp, line 1613]
Event: 4.619 Thread 0x0000000018fc2800 Exception <a 'java/lang/NoSuchMethodError': <clinit>> (0x00000000e06a5940) thrown at [D:\src\AOSP-openjdk-cygwin\jdk8u\hotspot\src\share\vm\prims\jni.cpp, line 1613]
Event: 4.621 Thread 0x0000000018fc2800 Exception <a 'java/lang/NoSuchMethodError': <clinit>> (0x00000000e06b1c58) thrown at [D:\src\AOSP-openjdk-cygwin\jdk8u\hotspot\src\share\vm\prims\jni.cpp, line 1613]
Event: 4.624 Thread 0x0000000018fc2800 Exception <a 'java/lang/NoSuchMethodError': <clinit>> (0x00000000e06c4d98) thrown at [D:\src\AOSP-openjdk-cygwin\jdk8u\hotspot\src\share\vm\prims\jni.cpp, line 1613]

Events (10 events):
Event: 4.691 loading class org/gradle/cache/internal/btree/FileBackedBlockStore done
Event: 4.692 loading class org/gradle/cache/internal/btree/Block
Event: 4.692 loading class org/gradle/cache/internal/btree/Block done
Event: 4.692 loading class org/gradle/cache/internal/btree/FileBackedBlockStore$BlockImpl
Event: 4.692 loading class org/gradle/cache/internal/btree/FileBackedBlockStore$BlockImpl done
Event: 4.694 loading class org/gradle/cache/internal/btree/BTreePersistentIndexedCache$IndexBlock
Event: 4.694 loading class org/gradle/cache/internal/btree/BTreePersistentIndexedCache$IndexBlock done
Event: 4.695 loading class org/gradle/cache/internal/btree/FreeListBlockStore$FreeListBlock
Event: 4.695 loading class org/gradle/cache/internal/btree/FreeListBlockStore$FreeListBlock done
Event: 4.696 Executing VM operation: CollectForMetadataAllocation


Dynamic libraries:
0x00007ff6eeaf0000 - 0x00007ff6eeb21000 	C:\Program Files\Android\Android Studio\jre\bin\java.exe
0x00007ffb94990000 - 0x00007ffb94b71000 	C:\Windows\SYSTEM32\ntdll.dll
0x00007ffb94770000 - 0x00007ffb94822000 	C:\Windows\System32\KERNEL32.DLL
0x00007ffb91190000 - 0x00007ffb91403000 	C:\Windows\System32\KERNELBASE.dll
0x00007ffb91ec0000 - 0x00007ffb91f61000 	C:\Windows\System32\ADVAPI32.dll
0x00007ffb91f80000 - 0x00007ffb9201e000 	C:\Windows\System32\msvcrt.dll
0x00007ffb940e0000 - 0x00007ffb9413b000 	C:\Windows\System32\sechost.dll
0x00007ffb92810000 - 0x00007ffb92934000 	C:\Windows\System32\RPCRT4.dll
0x00007ffb94200000 - 0x00007ffb94390000 	C:\Windows\System32\USER32.dll
0x00007ffb915a0000 - 0x00007ffb915c0000 	C:\Windows\System32\win32u.dll
0x00007ffb93f50000 - 0x00007ffb93f78000 	C:\Windows\System32\GDI32.dll
0x00007ffb90e00000 - 0x00007ffb90f92000 	C:\Windows\System32\gdi32full.dll
0x00007ffb90d60000 - 0x00007ffb90dff000 	C:\Windows\System32\msvcp_win.dll
0x00007ffb91d20000 - 0x00007ffb91e1a000 	C:\Windows\System32\ucrtbase.dll
0x00007ffb7a010000 - 0x00007ffb7a279000 	C:\Windows\WinSxS\amd64_microsoft.windows.common-controls_6595b64144ccf1df_6.0.17134.590_none_fb3d9bff3069e088\COMCTL32.dll
0x00007ffb94390000 - 0x00007ffb946b2000 	C:\Windows\System32\combase.dll
0x00007ffb914c0000 - 0x00007ffb9153a000 	C:\Windows\System32\bcryptPrimitives.dll
0x00007ffb946c0000 - 0x00007ffb946ed000 	C:\Windows\System32\IMM32.DLL
0x000000005d550000 - 0x000000005d622000 	C:\Program Files\Android\Android Studio\jre\jre\bin\msvcr100.dll
0x000000005cac0000 - 0x000000005d301000 	C:\Program Files\Android\Android Studio\jre\jre\bin\server\jvm.dll
0x00007ffb91f70000 - 0x00007ffb91f78000 	C:\Windows\System32\PSAPI.DLL
0x00007ffb8d0b0000 - 0x00007ffb8d0b9000 	C:\Windows\SYSTEM32\WSOCK32.dll
0x00007ffb93e80000 - 0x00007ffb93eec000 	C:\Windows\System32\WS2_32.dll
0x00007ffb8bb40000 - 0x00007ffb8bb63000 	C:\Windows\SYSTEM32\WINMM.dll
0x00007ffb8a2c0000 - 0x00007ffb8a2ca000 	C:\Windows\SYSTEM32\VERSION.dll
0x00007ffb8bb10000 - 0x00007ffb8bb3a000 	C:\Windows\SYSTEM32\WINMMBASE.dll
0x00007ffb91cd0000 - 0x00007ffb91d19000 	C:\Windows\System32\cfgmgr32.dll
0x00007ffb8b250000 - 0x00007ffb8b25f000 	C:\Program Files\Android\Android Studio\jre\jre\bin\verify.dll
0x00007ffb85080000 - 0x00007ffb850a9000 	C:\Program Files\Android\Android Studio\jre\jre\bin\java.dll
0x00007ffb88480000 - 0x00007ffb88496000 	C:\Program Files\Android\Android Studio\jre\jre\bin\zip.dll
0x00007ffb92a40000 - 0x00007ffb93e80000 	C:\Windows\System32\SHELL32.dll
0x00007ffb94140000 - 0x00007ffb941e9000 	C:\Windows\System32\shcore.dll
0x00007ffb915c0000 - 0x00007ffb91ccd000 	C:\Windows\System32\windows.storage.dll
0x00007ffb921e0000 - 0x00007ffb92231000 	C:\Windows\System32\shlwapi.dll
0x00007ffb90cf0000 - 0x00007ffb90d01000 	C:\Windows\System32\kernel.appcore.dll
0x00007ffb90cd0000 - 0x00007ffb90cef000 	C:\Windows\System32\profapi.dll
0x00007ffb90d10000 - 0x00007ffb90d5c000 	C:\Windows\System32\powrprof.dll
0x00007ffb90cc0000 - 0x00007ffb90cca000 	C:\Windows\System32\FLTLIB.DLL
0x00007ffb87680000 - 0x00007ffb8769a000 	C:\Program Files\Android\Android Studio\jre\jre\bin\net.dll
0x00007ffb90520000 - 0x00007ffb90586000 	C:\Windows\system32\mswsock.dll
0x00007ffb82a80000 - 0x00007ffb82a91000 	C:\Program Files\Android\Android Studio\jre\jre\bin\nio.dll
0x00007ffb836d0000 - 0x00007ffb836ee000 	C:\Users\hansr\.gradle\native\25\windows-amd64\native-platform.dll
0x00007ffb88570000 - 0x00007ffb8857d000 	C:\Program Files\Android\Android Studio\jre\jre\bin\management.dll
0x00007ffb906e0000 - 0x00007ffb906f7000 	C:\Windows\SYSTEM32\CRYPTSP.dll
0x00007ffb90100000 - 0x00007ffb90133000 	C:\Windows\system32\rsaenh.dll
0x00007ffb90800000 - 0x00007ffb90825000 	C:\Windows\SYSTEM32\bcrypt.dll
0x00007ffb90ba0000 - 0x00007ffb90bc8000 	C:\Windows\SYSTEM32\USERENV.dll
0x00007ffb906d0000 - 0x00007ffb906db000 	C:\Windows\SYSTEM32\CRYPTBASE.dll
0x00007ffb902a0000 - 0x00007ffb902d8000 	C:\Windows\SYSTEM32\IPHLPAPI.DLL
0x00007ffb941f0000 - 0x00007ffb941f8000 	C:\Windows\System32\NSI.dll
0x00007ffb8a2d0000 - 0x00007ffb8a2e6000 	C:\Windows\SYSTEM32\dhcpcsvc6.DLL
0x00007ffb87f00000 - 0x00007ffb87f1a000 	C:\Windows\SYSTEM32\dhcpcsvc.DLL

VM Arguments:
jvm_args: -Xmx1536m -Dfile.encoding=windows-1252 -Duser.country=US -Duser.language=en -Duser.variant 
java_command: org.gradle.launcher.daemon.bootstrap.GradleDaemon 4.10.1
java_class_path (initial): C:\Users\hansr\.gradle\wrapper\dists\gradle-4.10.1-all\455itskqi2qtf0v2sja68alqd\gradle-4.10.1\lib\gradle-launcher-4.10.1.jar
Launcher Type: SUN_STANDARD

Environment Variables:
PATH=C:\Program Files (x86)\NVIDIA Corporation\PhysX\Common;C:\Program Files (x86)\Common Files\Oracle\Java\javapath;C:\Windows\system32;C:\Windows;C:\Windows\System32\Wbem;C:\Windows\System32\WindowsPowerShell\v1.0\;C:\Windows\System32\OpenSSH\;C:\Program Files\Microsoft VS Code\bin;C:\Program Files\dotnet\;C:\Program Files\Microsoft SQL Server\130\Tools\Binn\;C:\Program Files\Microsoft SQL Server\Client SDK\ODBC\130\Tools\Binn\;C:\Program Files (x86)\Microsoft SQL Server\140\Tools\Binn\;C:\Program Files\Microsoft SQL Server\140\Tools\Binn\;C:\Program Files\Microsoft SQL Server\140\DTS\Binn\;C:\Program Files (x86)\Microsoft SQL Server\Client SDK\ODBC\130\Tools\Binn\;C:\Program Files (x86)\Microsoft SQL Server\140\DTS\Binn\;C:\Program Files (x86)\Microsoft SQL Server\140\Tools\Binn\ManagementStudio\;C:\Program Files\Git\cmd;C:\Users\hansr\AppData\Local\Microsoft\WindowsApps;C:\Users\hansr\AppData\Local\Programs\Microsoft VS Code\bin;C:\Users\hansr\.dotnet\tools
USERNAME=hansr
OS=Windows_NT
PROCESSOR_IDENTIFIER=Intel64 Family 6 Model 61 Stepping 4, GenuineIntel



---------------  S Y S T E M  ---------------

OS: Windows 10.0 , 64 bit Build 17134 (10.0.17134.556)

CPU:total 4 (initial active 4) (2 cores per cpu, 2 threads per core) family 6 model 61 stepping 4, cmov, cx8, fxsr, mmx, sse, sse2, sse3, ssse3, sse4.1, sse4.2, popcnt, avx, avx2, aes, clmul, erms, 3dnowpref, lzcnt, ht, tsc, tscinvbit, bmi1, bmi2, adx

Memory: 4k page, physical 8300384k(1766548k free), swap 9324384k(5120k free)

vm_info: OpenJDK 64-Bit Server VM (25.152-b01) for windows-amd64 JRE (1.8.0_152-release-1248-b01), built by "builder" with MS VC++ 10.0 (VS2010)

time: Tue Feb 26 15:46:23 2019
elapsed time: 4 seconds (0d 0h 0m 4s)

