#
# There is insufficient memory for the Java Runtime Environment to continue.
# Native memory allocation (malloc) failed to allocate 2178736 bytes for Chunk::new
# Possible reasons:
#   The system is out of physical RAM or swap space
#   In 32 bit mode, the process size limit was hit
# Possible solutions:
#   Reduce memory load on the system
#   Increase physical memory or swap space
#   Check if swap backing store is full
#   Use 64 bit Java on a 64 bit OS
#   Decrease Java heap size (-Xmx/-Xms)
#   Decrease number of Java threads
#   Decrease Java thread stack sizes (-Xss)
#   Set larger code cache with -XX:ReservedCodeCacheSize=
# This output file may be truncated or incomplete.
#
#  Out of Memory Error (allocation.cpp:390), pid=14552, tid=0x0000000000000570
#
# JRE version: OpenJDK Runtime Environment (8.0_152-b01) (build 1.8.0_152-release-1248-b01)
# Java VM: OpenJDK 64-Bit Server VM (25.152-b01 mixed mode windows-amd64 compressed oops)
# Failed to write core dump. Minidumps are not enabled by default on client versions of Windows
#

---------------  T H R E A D  ---------------

Current thread (0x0000000015fec000):  JavaThread "C2 CompilerThread1" daemon [_thread_in_native, id=1392, stack(0x0000000017740000,0x0000000017840000)]

Stack: [0x0000000017740000,0x0000000017840000]
[error occurred during error reporting (printing stack bounds), id 0xc0000005]

Native frames: (J=compiled Java code, j=interpreted, Vv=VM code, C=native code)


Current CompileTask:
C2:   4600 1360       4       java.net.URLClassLoader$1::run (5 bytes)


---------------  P R O C E S S  ---------------

Java Threads: ( => current thread )
  0x000000001a842800 JavaThread "Cache worker for journal cache (C:\Users\hansr\.gradle\caches\journal-1)" [_thread_blocked, id=15824, stack(0x000000001cc30000,0x000000001cd30000)]
  0x000000001a842000 JavaThread "Cache worker for file hash cache (C:\Users\hansr\Documents\AndroidStudioProjek\FindWays\.gradle\4.10.1\fileHashes)" [_thread_blocked, id=15804, stack(0x000000001bb60000,0x000000001bc60000)]
  0x0000000019124000 JavaThread "File lock request listener" [_thread_in_native, id=8724, stack(0x000000001ba60000,0x000000001bb60000)]
  0x00000000192bf000 JavaThread "Cache worker for file hash cache (C:\Users\hansr\.gradle\caches\4.10.1\fileHashes)" [_thread_blocked, id=7016, stack(0x000000001b960000,0x000000001ba60000)]
  0x0000000018ff0800 JavaThread "Stdin handler" [_thread_blocked, id=4656, stack(0x000000001a690000,0x000000001a790000)]
  0x0000000018eb4800 JavaThread "Asynchronous log dispatcher for DefaultDaemonConnection: socket connection from /127.0.0.1:55586 to /127.0.0.1:55587" [_thread_blocked, id=4768, stack(0x000000001a590000,0x000000001a690000)]
  0x0000000018eb2800 JavaThread "Daemon worker" [_thread_blocked, id=7796, stack(0x000000001a290000,0x000000001a390000)]
  0x0000000018eb2000 JavaThread "Cancel handler" [_thread_blocked, id=8924, stack(0x000000001a190000,0x000000001a290000)]
  0x0000000018cab000 JavaThread "Handler for socket connection from /127.0.0.1:55586 to /127.0.0.1:55587" [_thread_in_native, id=536, stack(0x000000001a090000,0x000000001a190000)]
  0x0000000018ca6800 JavaThread "Daemon" [_thread_blocked, id=15324, stack(0x0000000019f90000,0x000000001a090000)]
  0x0000000018e2b000 JavaThread "Daemon periodic checks" [_thread_blocked, id=11956, stack(0x0000000019e90000,0x0000000019f90000)]
  0x0000000018e2a000 JavaThread "Incoming local TCP Connector on port 55586" [_thread_in_native, id=11952, stack(0x0000000019c50000,0x0000000019d50000)]
  0x0000000017954800 JavaThread "Service Thread" daemon [_thread_blocked, id=13356, stack(0x0000000017d40000,0x0000000017e40000)]
  0x000000001603d800 JavaThread "C1 CompilerThread2" daemon [_thread_blocked, id=4252, stack(0x0000000017840000,0x0000000017940000)]
=>0x0000000015fec000 JavaThread "C2 CompilerThread1" daemon [_thread_in_native, id=1392, stack(0x0000000017740000,0x0000000017840000)]
  0x0000000015fe8800 JavaThread "C2 CompilerThread0" daemon [_thread_blocked, id=9020, stack(0x0000000017640000,0x0000000017740000)]
  0x0000000015ff6000 JavaThread "Attach Listener" daemon [_thread_blocked, id=4444, stack(0x0000000017540000,0x0000000017640000)]
  0x0000000015ff5000 JavaThread "Signal Dispatcher" daemon [_thread_blocked, id=12516, stack(0x0000000017440000,0x0000000017540000)]
  0x000000000267b800 JavaThread "Finalizer" daemon [_thread_blocked, id=8188, stack(0x0000000017250000,0x0000000017350000)]
  0x0000000002670800 JavaThread "Reference Handler" daemon [_thread_blocked, id=10456, stack(0x0000000017150000,0x0000000017250000)]
  0x000000000238e000 JavaThread "main" [_thread_blocked, id=8312, stack(0x0000000002480000,0x0000000002580000)]

Other Threads:
  0x0000000015fb7000 VMThread [stack: 0x0000000017050000,0x0000000017150000] [id=14704]
  0x0000000017955800 WatcherThread [stack: 0x0000000017e40000,0x0000000017f40000] [id=7988]

VM state:at safepoint (normal execution)

VM Mutex/Monitor currently owned by a thread:  ([mutex/lock_event])
[0x000000000238cf30] Threads_lock - owner thread: 0x0000000015fb7000
[0x000000000238d8b0] Heap_lock - owner thread: 0x0000000018eb2800

Heap:
 PSYoungGen      total 38400K, used 38386K [0x00000000e0000000, 0x00000000e2a80000, 0x0000000100000000)
  eden space 33280K, 100% used [0x00000000e0000000,0x00000000e2080000,0x00000000e2080000)
  from space 5120K, 99% used [0x00000000e2080000,0x00000000e257c878,0x00000000e2580000)
  to   space 5120K, 99% used [0x00000000e2580000,0x00000000e2a78020,0x00000000e2a80000)
 ParOldGen       total 87552K, used 4182K [0x00000000a0000000, 0x00000000a5580000, 0x00000000e0000000)
  object space 87552K, 4% used [0x00000000a0000000,0x00000000a041da98,0x00000000a5580000)
 Metaspace       used 16729K, capacity 17086K, committed 17152K, reserved 1064960K
  class space    used 2409K, capacity 2549K, committed 2560K, reserved 1048576K

Card table byte_map: [0x0000000011a40000,0x0000000011d50000] byte_map_base: 0x0000000011540000

Marking Bits: (ParMarkBitMap*) 0x000000005d285aa0
 Begin Bits: [0x0000000012350000, 0x0000000013b50000)
 End Bits:   [0x0000000013b50000, 0x0000000015350000)

Polling page: 0x0000000000630000

CodeCache: size=245760Kb used=5162Kb max_used=5162Kb free=240597Kb
 bounds [0x0000000002680000, 0x0000000002b90000, 0x0000000011680000]
 total_blobs=1893 nmethods=1508 adapters=298
 compilation: enabled

Compilation events (10 events):
Event: 4.582 Thread 0x000000001603d800 1509       3       java.lang.String::compareTo (9 bytes)
Event: 4.583 Thread 0x000000001603d800 nmethod 1509 0x0000000002b8ab50 code [0x0000000002b8acc0, 0x0000000002b8afa8]
Event: 4.586 Thread 0x000000001603d800 1510       3       java.lang.Class::arrayContentsEq (70 bytes)
Event: 4.586 Thread 0x000000001603d800 nmethod 1510 0x0000000002b8b050 code [0x0000000002b8b1e0, 0x0000000002b8b610]
Event: 4.586 Thread 0x000000001603d800 1511       3       java.lang.Class::forName (53 bytes)
Event: 4.587 Thread 0x000000001603d800 nmethod 1511 0x0000000002b8b790 code [0x0000000002b8b940, 0x0000000002b8bfe8]
Event: 4.587 Thread 0x000000001603d800 1512       1       java.lang.reflect.Method::getRoot (5 bytes)
Event: 4.587 Thread 0x000000001603d800 nmethod 1512 0x0000000002b8c210 code [0x0000000002b8c360, 0x0000000002b8c470]
Event: 4.587 Thread 0x000000001603d800 1513  s    3       java.io.ExpiringCache::get (39 bytes)
Event: 4.588 Thread 0x000000001603d800 nmethod 1513 0x0000000002b8c4d0 code [0x0000000002b8c660, 0x0000000002b8ca98]

GC Heap History (7 events):
Event: 1.592 GC heap before
{Heap before GC invocations=1 (full 0):
 PSYoungGen      total 38400K, used 33280K [0x00000000e0000000, 0x00000000e2a80000, 0x0000000100000000)
  eden space 33280K, 100% used [0x00000000e0000000,0x00000000e2080000,0x00000000e2080000)
  from space 5120K, 0% used [0x00000000e2580000,0x00000000e2580000,0x00000000e2a80000)
  to   space 5120K, 0% used [0x00000000e2080000,0x00000000e2080000,0x00000000e2580000)
 ParOldGen       total 87552K, used 0K [0x00000000a0000000, 0x00000000a5580000, 0x00000000e0000000)
  object space 87552K, 0% used [0x00000000a0000000,0x00000000a0000000,0x00000000a5580000)
 Metaspace       used 6505K, capacity 6606K, committed 6784K, reserved 1056768K
  class space    used 795K, capacity 843K, committed 896K, reserved 1048576K
Event: 1.601 GC heap after
Heap after GC invocations=1 (full 0):
 PSYoungGen      total 38400K, used 4039K [0x00000000e0000000, 0x00000000e2a80000, 0x0000000100000000)
  eden space 33280K, 0% used [0x00000000e0000000,0x00000000e0000000,0x00000000e2080000)
  from space 5120K, 78% used [0x00000000e2080000,0x00000000e2471f98,0x00000000e2580000)
  to   space 5120K, 0% used [0x00000000e2580000,0x00000000e2580000,0x00000000e2a80000)
 ParOldGen       total 87552K, used 8K [0x00000000a0000000, 0x00000000a5580000, 0x00000000e0000000)
  object space 87552K, 0% used [0x00000000a0000000,0x00000000a0002000,0x00000000a5580000)
 Metaspace       used 6505K, capacity 6606K, committed 6784K, reserved 1056768K
  class space    used 795K, capacity 843K, committed 896K, reserved 1048576K
}
Event: 2.503 GC heap before
{Heap before GC invocations=2 (full 0):
 PSYoungGen      total 38400K, used 37319K [0x00000000e0000000, 0x00000000e2a80000, 0x0000000100000000)
  eden space 33280K, 100% used [0x00000000e0000000,0x00000000e2080000,0x00000000e2080000)
  from space 5120K, 78% used [0x00000000e2080000,0x00000000e2471f98,0x00000000e2580000)
  to   space 5120K, 0% used [0x00000000e2580000,0x00000000e2580000,0x00000000e2a80000)
 ParOldGen       total 87552K, used 8K [0x00000000a0000000, 0x00000000a5580000, 0x00000000e0000000)
  object space 87552K, 0% used [0x00000000a0000000,0x00000000a0002000,0x00000000a5580000)
 Metaspace       used 9788K, capacity 10044K, committed 10112K, reserved 1058816K
  class space    used 1308K, capacity 1388K, committed 1408K, reserved 1048576K
Event: 2.510 GC heap after
Heap after GC invocations=2 (full 0):
 PSYoungGen      total 38400K, used 5027K [0x00000000e0000000, 0x00000000e2a80000, 0x0000000100000000)
  eden space 33280K, 0% used [0x00000000e0000000,0x00000000e0000000,0x00000000e2080000)
  from space 5120K, 98% used [0x00000000e2580000,0x00000000e2a68d40,0x00000000e2a80000)
  to   space 5120K, 0% used [0x00000000e2080000,0x00000000e2080000,0x00000000e2580000)
 ParOldGen       total 87552K, used 16K [0x00000000a0000000, 0x00000000a5580000, 0x00000000e0000000)
  object space 87552K, 0% used [0x00000000a0000000,0x00000000a0004000,0x00000000a5580000)
 Metaspace       used 9788K, capacity 10044K, committed 10112K, reserved 1058816K
  class space    used 1308K, capacity 1388K, committed 1408K, reserved 1048576K
}
Event: 3.883 GC heap before
{Heap before GC invocations=3 (full 0):
 PSYoungGen      total 38400K, used 38307K [0x00000000e0000000, 0x00000000e2a80000, 0x0000000100000000)
  eden space 33280K, 100% used [0x00000000e0000000,0x00000000e2080000,0x00000000e2080000)
  from space 5120K, 98% used [0x00000000e2580000,0x00000000e2a68d40,0x00000000e2a80000)
  to   space 5120K, 0% used [0x00000000e2080000,0x00000000e2080000,0x00000000e2580000)
 ParOldGen       total 87552K, used 16K [0x00000000a0000000, 0x00000000a5580000, 0x00000000e0000000)
  object space 87552K, 0% used [0x00000000a0000000,0x00000000a0004000,0x00000000a5580000)
 Metaspace       used 13608K, capacity 13966K, committed 14208K, reserved 1060864K
  class space    used 1915K, capacity 2059K, committed 2176K, reserved 1048576K
Event: 3.895 GC heap after
Heap after GC invocations=3 (full 0):
 PSYoungGen      total 38400K, used 5106K [0x00000000e0000000, 0x00000000e2a80000, 0x0000000100000000)
  eden space 33280K, 0% used [0x00000000e0000000,0x00000000e0000000,0x00000000e2080000)
  from space 5120K, 99% used [0x00000000e2080000,0x00000000e257c878,0x00000000e2580000)
  to   space 5120K, 0% used [0x00000000e2580000,0x00000000e2580000,0x00000000e2a80000)
 ParOldGen       total 87552K, used 1990K [0x00000000a0000000, 0x00000000a5580000, 0x00000000e0000000)
  object space 87552K, 2% used [0x00000000a0000000,0x00000000a01f1800,0x00000000a5580000)
 Metaspace       used 13608K, capacity 13966K, committed 14208K, reserved 1060864K
  class space    used 1915K, capacity 2059K, committed 2176K, reserved 1048576K
}
Event: 4.589 GC heap before
{Heap before GC invocations=4 (full 0):
 PSYoungGen      total 38400K, used 38386K [0x00000000e0000000, 0x00000000e2a80000, 0x0000000100000000)
  eden space 33280K, 100% used [0x00000000e0000000,0x00000000e2080000,0x00000000e2080000)
  from space 5120K, 99% used [0x00000000e2080000,0x00000000e257c878,0x00000000e2580000)
  to   space 5120K, 0% used [0x00000000e2580000,0x00000000e2580000,0x00000000e2a80000)
 ParOldGen       total 87552K, used 1990K [0x00000000a0000000, 0x00000000a5580000, 0x00000000e0000000)
  object space 87552K, 2% used [0x00000000a0000000,0x00000000a01f1800,0x00000000a5580000)
 Metaspace       used 16729K, capacity 17086K, committed 17152K, reserved 1064960K
  class space    used 2409K, capacity 2549K, committed 2560K, reserved 1048576K

Deoptimization events (10 events):
Event: 3.410 Thread 0x0000000018cab000 Uncommon trap: reason=unstable_if action=reinterpret pc=0x0000000002a82170 method=java.util.concurrent.ConcurrentHashMap.putVal(Ljava/lang/Object;Ljava/lang/Object;Z)Ljava/lang/Object; @ 206
Event: 3.528 Thread 0x0000000018eb2800 Uncommon trap: reason=bimorphic action=maybe_recompile pc=0x000000000290b784 method=java.util.HashMap.putVal(ILjava/lang/Object;Ljava/lang/Object;ZZ)Ljava/lang/Object; @ 253
Event: 3.528 Thread 0x0000000018eb2800 Uncommon trap: reason=bimorphic action=maybe_recompile pc=0x000000000290b784 method=java.util.HashMap.putVal(ILjava/lang/Object;Ljava/lang/Object;ZZ)Ljava/lang/Object; @ 253
Event: 3.528 Thread 0x0000000018eb2800 Uncommon trap: reason=bimorphic action=maybe_recompile pc=0x000000000290b784 method=java.util.HashMap.putVal(ILjava/lang/Object;Ljava/lang/Object;ZZ)Ljava/lang/Object; @ 253
Event: 3.528 Thread 0x0000000018eb2800 Uncommon trap: reason=bimorphic action=maybe_recompile pc=0x00000000029033e4 method=java.util.HashMap.putVal(ILjava/lang/Object;Ljava/lang/Object;ZZ)Ljava/lang/Object; @ 253
Event: 3.955 Thread 0x0000000018eb2800 Uncommon trap: reason=class_check action=maybe_recompile pc=0x00000000029371c4 method=java.util.regex.Matcher.match(II)Z @ 86
Event: 3.973 Thread 0x0000000018eb2800 Uncommon trap: reason=class_check action=maybe_recompile pc=0x00000000029371c4 method=java.util.regex.Matcher.match(II)Z @ 86
Event: 3.973 Thread 0x0000000018eb2800 Uncommon trap: reason=class_check action=maybe_recompile pc=0x00000000029371c4 method=java.util.regex.Matcher.match(II)Z @ 86
Event: 3.974 Thread 0x0000000018eb2800 Uncommon trap: reason=class_check action=maybe_recompile pc=0x00000000028fe79c method=java.util.regex.Matcher.match(II)Z @ 86
Event: 4.154 Thread 0x0000000018eb2800 Uncommon trap: reason=unstable_if action=reinterpret pc=0x0000000002ac7d74 method=java.lang.String.lastIndexOf([CII[CIII)I @ 66

Classes redefined (0 events):
No events

Internal exceptions (10 events):
Event: 3.414 Thread 0x0000000018cab000 Exception <a 'java/lang/NoSuchMethodError': <clinit>> (0x00000000e053d698) thrown at [D:\src\AOSP-openjdk-cygwin\jdk8u\hotspot\src\share\vm\prims\jni.cpp, line 1613]
Event: 3.416 Thread 0x0000000018cab000 Exception <a 'java/lang/NoSuchMethodError': <clinit>> (0x00000000e0548f90) thrown at [D:\src\AOSP-openjdk-cygwin\jdk8u\hotspot\src\share\vm\prims\jni.cpp, line 1613]
Event: 3.418 Thread 0x0000000018cab000 Exception <a 'java/lang/NoSuchMethodError': <clinit>> (0x00000000e0552570) thrown at [D:\src\AOSP-openjdk-cygwin\jdk8u\hotspot\src\share\vm\prims\jni.cpp, line 1613]
Event: 3.424 Thread 0x0000000018cab000 Exception <a 'java/lang/NoSuchMethodError': <clinit>> (0x00000000e0579478) thrown at [D:\src\AOSP-openjdk-cygwin\jdk8u\hotspot\src\share\vm\prims\jni.cpp, line 1613]
Event: 3.427 Thread 0x0000000018cab000 Exception <a 'java/lang/NoSuchMethodError': <clinit>> (0x00000000e0591248) thrown at [D:\src\AOSP-openjdk-cygwin\jdk8u\hotspot\src\share\vm\prims\jni.cpp, line 1613]
Event: 3.428 Thread 0x0000000018cab000 Exception <a 'java/lang/NoSuchMethodError': <clinit>> (0x00000000e0599d10) thrown at [D:\src\AOSP-openjdk-cygwin\jdk8u\hotspot\src\share\vm\prims\jni.cpp, line 1613]
Event: 3.430 Thread 0x0000000018cab000 Exception <a 'java/lang/NoSuchMethodError': <clinit>> (0x00000000e05afc18) thrown at [D:\src\AOSP-openjdk-cygwin\jdk8u\hotspot\src\share\vm\prims\jni.cpp, line 1613]
Event: 3.452 Thread 0x0000000018cab000 Exception <a 'java/lang/NoSuchMethodError': <clinit>> (0x00000000e060e1e8) thrown at [D:\src\AOSP-openjdk-cygwin\jdk8u\hotspot\src\share\vm\prims\jni.cpp, line 1613]
Event: 3.460 Thread 0x0000000018cab000 Exception <a 'java/lang/NoSuchMethodError': <clinit>> (0x00000000e063a0c0) thrown at [D:\src\AOSP-openjdk-cygwin\jdk8u\hotspot\src\share\vm\prims\jni.cpp, line 1613]
Event: 3.476 Thread 0x0000000018cab000 Exception <a 'java/lang/NoSuchMethodError': <clinit>> (0x00000000e0657288) thrown at [D:\src\AOSP-openjdk-cygwin\jdk8u\hotspot\src\share\vm\prims\jni.cpp, line 1613]

Events (10 events):
Event: 4.583 loading class org/gradle/api/plugins/PluginCollection done
Event: 4.583 loading class org/gradle/api/DomainObjectSet
Event: 4.583 loading class org/gradle/api/DomainObjectSet done
Event: 4.583 loading class org/gradle/api/DomainObjectCollection
Event: 4.583 loading class org/gradle/api/DomainObjectCollection done
Event: 4.587 loading class javax/annotation/Nullable
Event: 4.587 loading class javax/annotation/Nullable done
Event: 4.589 loading class javax/annotation/Nonnull
Event: 4.589 loading class javax/annotation/Nonnull done
Event: 4.589 Executing VM operation: ParallelGCFailedAllocation


Dynamic libraries:
0x00007ff6eeaf0000 - 0x00007ff6eeb21000 	C:\Program Files\Android\Android Studio\jre\bin\java.exe
0x00007ffb94990000 - 0x00007ffb94b71000 	C:\Windows\SYSTEM32\ntdll.dll
0x00007ffb94770000 - 0x00007ffb94822000 	C:\Windows\System32\KERNEL32.DLL
0x00007ffb91190000 - 0x00007ffb91403000 	C:\Windows\System32\KERNELBASE.dll
0x00007ffb91ec0000 - 0x00007ffb91f61000 	C:\Windows\System32\ADVAPI32.dll
0x00007ffb91f80000 - 0x00007ffb9201e000 	C:\Windows\System32\msvcrt.dll
0x00007ffb940e0000 - 0x00007ffb9413b000 	C:\Windows\System32\sechost.dll
0x00007ffb92810000 - 0x00007ffb92934000 	C:\Windows\System32\RPCRT4.dll
0x00007ffb94200000 - 0x00007ffb94390000 	C:\Windows\System32\USER32.dll
0x00007ffb915a0000 - 0x00007ffb915c0000 	C:\Windows\System32\win32u.dll
0x00007ffb93f50000 - 0x00007ffb93f78000 	C:\Windows\System32\GDI32.dll
0x00007ffb90e00000 - 0x00007ffb90f92000 	C:\Windows\System32\gdi32full.dll
0x00007ffb90d60000 - 0x00007ffb90dff000 	C:\Windows\System32\msvcp_win.dll
0x00007ffb91d20000 - 0x00007ffb91e1a000 	C:\Windows\System32\ucrtbase.dll
0x00007ffb7a010000 - 0x00007ffb7a279000 	C:\Windows\WinSxS\amd64_microsoft.windows.common-controls_6595b64144ccf1df_6.0.17134.590_none_fb3d9bff3069e088\COMCTL32.dll
0x00007ffb94390000 - 0x00007ffb946b2000 	C:\Windows\System32\combase.dll
0x00007ffb914c0000 - 0x00007ffb9153a000 	C:\Windows\System32\bcryptPrimitives.dll
0x00007ffb946c0000 - 0x00007ffb946ed000 	C:\Windows\System32\IMM32.DLL
0x000000005d550000 - 0x000000005d622000 	C:\Program Files\Android\Android Studio\jre\jre\bin\msvcr100.dll
0x000000005cac0000 - 0x000000005d301000 	C:\Program Files\Android\Android Studio\jre\jre\bin\server\jvm.dll
0x00007ffb91f70000 - 0x00007ffb91f78000 	C:\Windows\System32\PSAPI.DLL
0x00007ffb8a2c0000 - 0x00007ffb8a2ca000 	C:\Windows\SYSTEM32\VERSION.dll
0x00007ffb8bb40000 - 0x00007ffb8bb63000 	C:\Windows\SYSTEM32\WINMM.dll
0x00007ffb8d0b0000 - 0x00007ffb8d0b9000 	C:\Windows\SYSTEM32\WSOCK32.dll
0x00007ffb93e80000 - 0x00007ffb93eec000 	C:\Windows\System32\WS2_32.dll
0x00007ffb8bb10000 - 0x00007ffb8bb3a000 	C:\Windows\SYSTEM32\winmmbase.dll
0x00007ffb91cd0000 - 0x00007ffb91d19000 	C:\Windows\System32\cfgmgr32.dll
0x00007ffb8b250000 - 0x00007ffb8b25f000 	C:\Program Files\Android\Android Studio\jre\jre\bin\verify.dll
0x00007ffb85080000 - 0x00007ffb850a9000 	C:\Program Files\Android\Android Studio\jre\jre\bin\java.dll
0x00007ffb88480000 - 0x00007ffb88496000 	C:\Program Files\Android\Android Studio\jre\jre\bin\zip.dll
0x00007ffb92a40000 - 0x00007ffb93e80000 	C:\Windows\System32\SHELL32.dll
0x00007ffb94140000 - 0x00007ffb941e9000 	C:\Windows\System32\shcore.dll
0x00007ffb915c0000 - 0x00007ffb91ccd000 	C:\Windows\System32\windows.storage.dll
0x00007ffb921e0000 - 0x00007ffb92231000 	C:\Windows\System32\shlwapi.dll
0x00007ffb90cf0000 - 0x00007ffb90d01000 	C:\Windows\System32\kernel.appcore.dll
0x00007ffb90cd0000 - 0x00007ffb90cef000 	C:\Windows\System32\profapi.dll
0x00007ffb90d10000 - 0x00007ffb90d5c000 	C:\Windows\System32\powrprof.dll
0x00007ffb90cc0000 - 0x00007ffb90cca000 	C:\Windows\System32\FLTLIB.DLL
0x00007ffb87680000 - 0x00007ffb8769a000 	C:\Program Files\Android\Android Studio\jre\jre\bin\net.dll
0x00007ffb90520000 - 0x00007ffb90586000 	C:\Windows\system32\mswsock.dll
0x00007ffb82a80000 - 0x00007ffb82a91000 	C:\Program Files\Android\Android Studio\jre\jre\bin\nio.dll
0x00007ffb836d0000 - 0x00007ffb836ee000 	C:\Users\hansr\.gradle\native\25\windows-amd64\native-platform.dll
0x00007ffb88570000 - 0x00007ffb8857d000 	C:\Program Files\Android\Android Studio\jre\jre\bin\management.dll
0x00007ffb906e0000 - 0x00007ffb906f7000 	C:\Windows\SYSTEM32\CRYPTSP.dll
0x00007ffb90100000 - 0x00007ffb90133000 	C:\Windows\system32\rsaenh.dll
0x00007ffb90800000 - 0x00007ffb90825000 	C:\Windows\SYSTEM32\bcrypt.dll
0x00007ffb90ba0000 - 0x00007ffb90bc8000 	C:\Windows\SYSTEM32\USERENV.dll
0x00007ffb906d0000 - 0x00007ffb906db000 	C:\Windows\SYSTEM32\CRYPTBASE.dll
0x00007ffb902a0000 - 0x00007ffb902d8000 	C:\Windows\SYSTEM32\IPHLPAPI.DLL
0x00007ffb941f0000 - 0x00007ffb941f8000 	C:\Windows\System32\NSI.dll
0x00007ffb8a2d0000 - 0x00007ffb8a2e6000 	C:\Windows\SYSTEM32\dhcpcsvc6.DLL
0x00007ffb87f00000 - 0x00007ffb87f1a000 	C:\Windows\SYSTEM32\dhcpcsvc.DLL

VM Arguments:
jvm_args: -Xmx1536m -Dfile.encoding=windows-1252 -Duser.country=US -Duser.language=en -Duser.variant 
java_command: org.gradle.launcher.daemon.bootstrap.GradleDaemon 4.10.1
java_class_path (initial): C:\Users\hansr\.gradle\wrapper\dists\gradle-4.10.1-all\455itskqi2qtf0v2sja68alqd\gradle-4.10.1\lib\gradle-launcher-4.10.1.jar
Launcher Type: SUN_STANDARD

Environment Variables:
PATH=C:\Program Files (x86)\NVIDIA Corporation\PhysX\Common;C:\Program Files (x86)\Common Files\Oracle\Java\javapath;C:\Windows\system32;C:\Windows;C:\Windows\System32\Wbem;C:\Windows\System32\WindowsPowerShell\v1.0\;C:\Windows\System32\OpenSSH\;C:\Program Files\Microsoft VS Code\bin;C:\Program Files\dotnet\;C:\Program Files\Microsoft SQL Server\130\Tools\Binn\;C:\Program Files\Microsoft SQL Server\Client SDK\ODBC\130\Tools\Binn\;C:\Program Files (x86)\Microsoft SQL Server\140\Tools\Binn\;C:\Program Files\Microsoft SQL Server\140\Tools\Binn\;C:\Program Files\Microsoft SQL Server\140\DTS\Binn\;C:\Program Files (x86)\Microsoft SQL Server\Client SDK\ODBC\130\Tools\Binn\;C:\Program Files (x86)\Microsoft SQL Server\140\DTS\Binn\;C:\Program Files (x86)\Microsoft SQL Server\140\Tools\Binn\ManagementStudio\;C:\Program Files\Git\cmd;C:\Users\hansr\AppData\Local\Microsoft\WindowsApps;C:\Users\hansr\AppData\Local\Programs\Microsoft VS Code\bin;C:\Users\hansr\.dotnet\tools
USERNAME=hansr
OS=Windows_NT
PROCESSOR_IDENTIFIER=Intel64 Family 6 Model 61 Stepping 4, GenuineIntel



---------------  S Y S T E M  ---------------

OS: Windows 10.0 , 64 bit Build 17134 (10.0.17134.556)

CPU:total 4 (initial active 4) (2 cores per cpu, 2 threads per core) family 6 model 61 stepping 4, cmov, cx8, fxsr, mmx, sse, sse2, sse3, ssse3, sse4.1, sse4.2, popcnt, avx, avx2, aes, clmul, erms, 3dnowpref, lzcnt, ht, tsc, tscinvbit, bmi1, bmi2, adx

Memory: 4k page, physical 8300384k(1774672k free), swap 9324384k(5972k free)

vm_info: OpenJDK 64-Bit Server VM (25.152-b01) for windows-amd64 JRE (1.8.0_152-release-1248-b01), built by "builder" with MS VC++ 10.0 (VS2010)

time: Tue Feb 26 15:45:58 2019
elapsed time: 4 seconds (0d 0h 0m 4s)

