#
# There is insufficient memory for the Java Runtime Environment to continue.
# Native memory allocation (malloc) failed to allocate 1071456 bytes for Chunk::new
# Possible reasons:
#   The system is out of physical RAM or swap space
#   In 32 bit mode, the process size limit was hit
# Possible solutions:
#   Reduce memory load on the system
#   Increase physical memory or swap space
#   Check if swap backing store is full
#   Use 64 bit Java on a 64 bit OS
#   Decrease Java heap size (-Xmx/-Xms)
#   Decrease number of Java threads
#   Decrease Java thread stack sizes (-Xss)
#   Set larger code cache with -XX:ReservedCodeCacheSize=
# This output file may be truncated or incomplete.
#
#  Out of Memory Error (allocation.cpp:390), pid=1740, tid=0x0000000000002780
#
# JRE version: OpenJDK Runtime Environment (8.0_152-b01) (build 1.8.0_152-release-1248-b01)
# Java VM: OpenJDK 64-Bit Server VM (25.152-b01 mixed mode windows-amd64 compressed oops)
# Failed to write core dump. Minidumps are not enabled by default on client versions of Windows
#

---------------  T H R E A D  ---------------

Current thread (0x0000000015ebc000):  JavaThread "C2 CompilerThread1" daemon [_thread_in_native, id=10112, stack(0x0000000017610000,0x0000000017710000)]

Stack: [0x0000000017610000,0x0000000017710000]
[error occurred during error reporting (printing stack bounds), id 0xc0000005]

Native frames: (J=compiled Java code, j=interpreted, Vv=VM code, C=native code)


Current CompileTask:
C2:  30829 4982       4       java.io.ObjectOutputStream::writeClassDesc (60 bytes)


---------------  P R O C E S S  ---------------

Java Threads: ( => current thread )
  0x000000001a8f4000 JavaThread "Build operations Thread 4" [_thread_blocked, id=1996, stack(0x0000000021340000,0x0000000021440000)]
  0x000000001a8ee800 JavaThread "Build operations Thread 3" [_thread_blocked, id=11652, stack(0x0000000021240000,0x0000000021340000)]
  0x000000001a8ec800 JavaThread "Build operations Thread 2" [_thread_blocked, id=15516, stack(0x0000000021140000,0x0000000021240000)]
  0x000000001a8f3800 JavaThread "Build operations" [_thread_blocked, id=9504, stack(0x0000000020f10000,0x0000000021010000)]
  0x000000001a8f2800 JavaThread "Cache worker for Artifact transforms cache (C:\Users\hansr\.gradle\caches\transforms-1)" [_thread_blocked, id=4452, stack(0x000000001f840000,0x000000001f940000)]
  0x0000000015ecc800 JavaThread "Cache worker for cache directory md-rule (C:\Users\hansr\.gradle\caches\4.10.1\md-rule)" [_thread_blocked, id=15748, stack(0x000000001f740000,0x000000001f840000)]
  0x0000000015ecb800 JavaThread "Cache worker for cache directory md-supplier (C:\Users\hansr\.gradle\caches\4.10.1\md-supplier)" [_thread_blocked, id=10868, stack(0x000000001ddd0000,0x000000001ded0000)]
  0x0000000015ecf800 JavaThread "Cache worker for journal cache (C:\Users\hansr\.gradle\caches\journal-1)" [_thread_blocked, id=9532, stack(0x000000001cb00000,0x000000001cc00000)]
  0x0000000015ece800 JavaThread "Cache worker for file hash cache (C:\Users\hansr\Documents\AndroidStudioProjek\FindWays\.gradle\4.10.1\fileHashes)" [_thread_blocked, id=15632, stack(0x000000001ba30000,0x000000001bb30000)]
  0x000000001a67e000 JavaThread "File lock request listener" [_thread_in_native, id=8196, stack(0x000000001b930000,0x000000001ba30000)]
  0x000000001a9d0800 JavaThread "Cache worker for file hash cache (C:\Users\hansr\.gradle\caches\4.10.1\fileHashes)" [_thread_blocked, id=12640, stack(0x000000001b830000,0x000000001b930000)]
  0x0000000018ebc000 JavaThread "Stdin handler" [_thread_blocked, id=13616, stack(0x000000001a560000,0x000000001a660000)]
  0x0000000018fc1800 JavaThread "Asynchronous log dispatcher for DefaultDaemonConnection: socket connection from /127.0.0.1:50763 to /127.0.0.1:50764" [_thread_blocked, id=9688, stack(0x000000001a460000,0x000000001a560000)]
  0x0000000018ff0800 JavaThread "Daemon worker" [_thread_in_vm, id=2532, stack(0x000000001a160000,0x000000001a260000)]
  0x0000000018ebf000 JavaThread "Cancel handler" [_thread_blocked, id=11740, stack(0x000000001a060000,0x000000001a160000)]
  0x0000000018dce000 JavaThread "Handler for socket connection from /127.0.0.1:50763 to /127.0.0.1:50764" [_thread_in_native, id=15284, stack(0x0000000019f60000,0x000000001a060000)]
  0x0000000018dcd800 JavaThread "Daemon" [_thread_blocked, id=9368, stack(0x0000000019e60000,0x0000000019f60000)]
  0x0000000018db1800 JavaThread "Daemon periodic checks" [_thread_blocked, id=8756, stack(0x0000000019d60000,0x0000000019e60000)]
  0x0000000018c0e000 JavaThread "Incoming local TCP Connector on port 50763" [_thread_in_native, id=14188, stack(0x0000000019b20000,0x0000000019c20000)]
  0x0000000017840800 JavaThread "Service Thread" daemon [_thread_blocked, id=5732, stack(0x0000000017c10000,0x0000000017d10000)]
  0x0000000015eca000 JavaThread "C1 CompilerThread2" daemon [_thread_blocked, id=3364, stack(0x0000000017710000,0x0000000017810000)]
=>0x0000000015ebc000 JavaThread "C2 CompilerThread1" daemon [_thread_in_native, id=10112, stack(0x0000000017610000,0x0000000017710000)]
  0x0000000015eb8800 JavaThread "C2 CompilerThread0" daemon [_thread_blocked, id=10748, stack(0x0000000017510000,0x0000000017610000)]
  0x0000000015ec6000 JavaThread "Attach Listener" daemon [_thread_blocked, id=4836, stack(0x0000000017410000,0x0000000017510000)]
  0x0000000015ec5000 JavaThread "Signal Dispatcher" daemon [_thread_blocked, id=5108, stack(0x0000000017310000,0x0000000017410000)]
  0x000000000254b800 JavaThread "Finalizer" daemon [_thread_blocked, id=3812, stack(0x0000000017120000,0x0000000017220000)]
  0x0000000002540800 JavaThread "Reference Handler" daemon [_thread_blocked, id=14572, stack(0x0000000017020000,0x0000000017120000)]
  0x000000000244e000 JavaThread "main" [_thread_blocked, id=4664, stack(0x00000000022e0000,0x00000000023e0000)]

Other Threads:
  0x0000000015e87000 VMThread [stack: 0x0000000016f20000,0x0000000017020000] [id=2352]
  0x0000000015eff000 WatcherThread [stack: 0x0000000017d10000,0x0000000017e10000] [id=10384]

VM state:not at safepoint (normal execution)

VM Mutex/Monitor currently owned by a thread: None

Heap:
 PSYoungGen      total 110592K, used 11355K [0x00000000e0000000, 0x00000000e8000000, 0x0000000100000000)
  eden space 98304K, 11% used [0x00000000e0000000,0x00000000e0b16f50,0x00000000e6000000)
  from space 12288K, 0% used [0x00000000e6d80000,0x00000000e6d80000,0x00000000e7980000)
  to   space 13824K, 0% used [0x00000000e6000000,0x00000000e6000000,0x00000000e6d80000)
 ParOldGen       total 94208K, used 27141K [0x00000000a0000000, 0x00000000a5c00000, 0x00000000e0000000)
  object space 94208K, 28% used [0x00000000a0000000,0x00000000a1a81510,0x00000000a5c00000)
 Metaspace       used 54249K, capacity 55562K, committed 55680K, reserved 1097728K
  class space    used 7372K, capacity 7736K, committed 7808K, reserved 1048576K

Card table byte_map: [0x0000000011910000,0x0000000011c20000] byte_map_base: 0x0000000011410000

Marking Bits: (ParMarkBitMap*) 0x000000005d625aa0
 Begin Bits: [0x0000000012220000, 0x0000000013a20000)
 End Bits:   [0x0000000013a20000, 0x0000000015220000)

Polling page: 0x0000000000550000

CodeCache: size=245760Kb used=16062Kb max_used=16073Kb free=229697Kb
 bounds [0x0000000002550000, 0x0000000003510000, 0x0000000011550000]
 total_blobs=5473 nmethods=4699 adapters=687
 compilation: enabled

Compilation events (10 events):
Event: 30.777 Thread 0x0000000015eca000 nmethod 5037 0x0000000003502250 code [0x0000000003502500, 0x0000000003503aa8]
Event: 30.792 Thread 0x0000000015eb8800 5038       4       java.util.Arrays::hashCode (56 bytes)
Event: 30.795 Thread 0x0000000015eb8800 nmethod 5038 0x0000000003501e90 code [0x0000000003501fe0, 0x0000000003502118]
Event: 30.799 Thread 0x0000000015eb8800 5039       4       org.objectweb.asm.Label::resolve (219 bytes)
Event: 30.804 Thread 0x0000000015eb8800 nmethod 5039 0x000000000350a350 code [0x000000000350a4a0, 0x000000000350a718]
Event: 30.805 Thread 0x0000000015eca000 5040       3       java.lang.reflect.Constructor::hasGenericInformation (13 bytes)
Event: 30.806 Thread 0x0000000015eca000 nmethod 5040 0x0000000003509f50 code [0x000000000350a0a0, 0x000000000350a2f0]
Event: 30.812 Thread 0x0000000015eb8800 5041       4       java.lang.CharacterDataLatin1::getType (11 bytes)
Event: 30.813 Thread 0x0000000015eb8800 nmethod 5041 0x0000000003509cd0 code [0x0000000003509e00, 0x0000000003509e98]
Event: 30.817 Thread 0x0000000015eb8800 5042       4       org.objectweb.asm.ByteVector::putInt (74 bytes)

GC Heap History (10 events):
Event: 25.688 GC heap before
{Heap before GC invocations=11 (full 2):
 PSYoungGen      total 90112K, used 9562K [0x00000000e0000000, 0x00000000e7980000, 0x0000000100000000)
  eden space 78336K, 0% used [0x00000000e0000000,0x00000000e0000000,0x00000000e4c80000)
  from space 11776K, 81% used [0x00000000e4c80000,0x00000000e55d6848,0x00000000e5800000)
  to   space 12288K, 0% used [0x00000000e6d80000,0x00000000e6d80000,0x00000000e7980000)
 ParOldGen       total 64000K, used 9495K [0x00000000a0000000, 0x00000000a3e80000, 0x00000000e0000000)
  object space 64000K, 14% used [0x00000000a0000000,0x00000000a0945cd8,0x00000000a3e80000)
 Metaspace       used 34854K, capacity 35464K, committed 35496K, reserved 1079296K
  class space    used 4879K, capacity 5110K, committed 5120K, reserved 1048576K
Event: 25.804 GC heap after
Heap after GC invocations=11 (full 2):
 PSYoungGen      total 90112K, used 0K [0x00000000e0000000, 0x00000000e7980000, 0x0000000100000000)
  eden space 78336K, 0% used [0x00000000e0000000,0x00000000e0000000,0x00000000e4c80000)
  from space 11776K, 0% used [0x00000000e4c80000,0x00000000e4c80000,0x00000000e5800000)
  to   space 12288K, 0% used [0x00000000e6d80000,0x00000000e6d80000,0x00000000e7980000)
 ParOldGen       total 94208K, used 16177K [0x00000000a0000000, 0x00000000a5c00000, 0x00000000e0000000)
  object space 94208K, 17% used [0x00000000a0000000,0x00000000a0fcc538,0x00000000a5c00000)
 Metaspace       used 34854K, capacity 35464K, committed 35496K, reserved 1079296K
  class space    used 4879K, capacity 5110K, committed 5120K, reserved 1048576K
}
Event: 27.406 GC heap before
{Heap before GC invocations=12 (full 2):
 PSYoungGen      total 90112K, used 78336K [0x00000000e0000000, 0x00000000e7980000, 0x0000000100000000)
  eden space 78336K, 100% used [0x00000000e0000000,0x00000000e4c80000,0x00000000e4c80000)
  from space 11776K, 0% used [0x00000000e4c80000,0x00000000e4c80000,0x00000000e5800000)
  to   space 12288K, 0% used [0x00000000e6d80000,0x00000000e6d80000,0x00000000e7980000)
 ParOldGen       total 94208K, used 16177K [0x00000000a0000000, 0x00000000a5c00000, 0x00000000e0000000)
  object space 94208K, 17% used [0x00000000a0000000,0x00000000a0fcc538,0x00000000a5c00000)
 Metaspace       used 42352K, capacity 43138K, committed 43392K, reserved 1087488K
  class space    used 5756K, capacity 6012K, committed 6016K, reserved 1048576K
Event: 27.425 GC heap after
Heap after GC invocations=12 (full 2):
 PSYoungGen      total 110592K, used 12278K [0x00000000e0000000, 0x00000000e8000000, 0x0000000100000000)
  eden space 98304K, 0% used [0x00000000e0000000,0x00000000e0000000,0x00000000e6000000)
  from space 12288K, 99% used [0x00000000e6d80000,0x00000000e797db78,0x00000000e7980000)
  to   space 13824K, 0% used [0x00000000e6000000,0x00000000e6000000,0x00000000e6d80000)
 ParOldGen       total 94208K, used 16375K [0x00000000a0000000, 0x00000000a5c00000, 0x00000000e0000000)
  object space 94208K, 17% used [0x00000000a0000000,0x00000000a0ffdd08,0x00000000a5c00000)
 Metaspace       used 42352K, capacity 43138K, committed 43392K, reserved 1087488K
  class space    used 5756K, capacity 6012K, committed 6016K, reserved 1048576K
}
Event: 29.772 GC heap before
{Heap before GC invocations=13 (full 2):
 PSYoungGen      total 110592K, used 110582K [0x00000000e0000000, 0x00000000e8000000, 0x0000000100000000)
  eden space 98304K, 100% used [0x00000000e0000000,0x00000000e6000000,0x00000000e6000000)
  from space 12288K, 99% used [0x00000000e6d80000,0x00000000e797db78,0x00000000e7980000)
  to   space 13824K, 0% used [0x00000000e6000000,0x00000000e6000000,0x00000000e6d80000)
 ParOldGen       total 94208K, used 16375K [0x00000000a0000000, 0x00000000a5c00000, 0x00000000e0000000)
  object space 94208K, 17% used [0x00000000a0000000,0x00000000a0ffdd08,0x00000000a5c00000)
 Metaspace       used 51843K, capacity 53010K, committed 53248K, reserved 1095680K
  class space    used 7029K, capacity 7392K, committed 7424K, reserved 1048576K
Event: 29.810 GC heap after
Heap after GC invocations=13 (full 2):
 PSYoungGen      total 112128K, used 13792K [0x00000000e0000000, 0x00000000e8000000, 0x0000000100000000)
  eden space 98304K, 0% used [0x00000000e0000000,0x00000000e0000000,0x00000000e6000000)
  from space 13824K, 99% used [0x00000000e6000000,0x00000000e6d78388,0x00000000e6d80000)
  to   space 12288K, 0% used [0x00000000e6d80000,0x00000000e6d80000,0x00000000e7980000)
 ParOldGen       total 94208K, used 19058K [0x00000000a0000000, 0x00000000a5c00000, 0x00000000e0000000)
  object space 94208K, 20% used [0x00000000a0000000,0x00000000a129c968,0x00000000a5c00000)
 Metaspace       used 51843K, capacity 53010K, committed 53248K, reserved 1095680K
  class space    used 7029K, capacity 7392K, committed 7424K, reserved 1048576K
}
Event: 30.061 GC heap before
{Heap before GC invocations=14 (full 2):
 PSYoungGen      total 112128K, used 36562K [0x00000000e0000000, 0x00000000e8000000, 0x0000000100000000)
  eden space 98304K, 23% used [0x00000000e0000000,0x00000000e163c660,0x00000000e6000000)
  from space 13824K, 99% used [0x00000000e6000000,0x00000000e6d78388,0x00000000e6d80000)
  to   space 12288K, 0% used [0x00000000e6d80000,0x00000000e6d80000,0x00000000e7980000)
 ParOldGen       total 94208K, used 19058K [0x00000000a0000000, 0x00000000a5c00000, 0x00000000e0000000)
  object space 94208K, 20% used [0x00000000a0000000,0x00000000a129c968,0x00000000a5c00000)
 Metaspace       used 53223K, capacity 54386K, committed 54400K, reserved 1099776K
  class space    used 7199K, capacity 7552K, committed 7552K, reserved 1048576K
Event: 30.078 GC heap after
Heap after GC invocations=14 (full 2):
 PSYoungGen      total 110592K, used 12264K [0x00000000e0000000, 0x00000000e8000000, 0x0000000100000000)
  eden space 98304K, 0% used [0x00000000e0000000,0x00000000e0000000,0x00000000e6000000)
  from space 12288K, 99% used [0x00000000e6d80000,0x00000000e797a368,0x00000000e7980000)
  to   space 13824K, 0% used [0x00000000e6000000,0x00000000e6000000,0x00000000e6d80000)
 ParOldGen       total 94208K, used 20003K [0x00000000a0000000, 0x00000000a5c00000, 0x00000000e0000000)
  object space 94208K, 21% used [0x00000000a0000000,0x00000000a1388f40,0x00000000a5c00000)
 Metaspace       used 53223K, capacity 54386K, committed 54400K, reserved 1099776K
  class space    used 7199K, capacity 7552K, committed 7552K, reserved 1048576K
}
Event: 30.079 GC heap before
{Heap before GC invocations=15 (full 3):
 PSYoungGen      total 110592K, used 12264K [0x00000000e0000000, 0x00000000e8000000, 0x0000000100000000)
  eden space 98304K, 0% used [0x00000000e0000000,0x00000000e0000000,0x00000000e6000000)
  from space 12288K, 99% used [0x00000000e6d80000,0x00000000e797a368,0x00000000e7980000)
  to   space 13824K, 0% used [0x00000000e6000000,0x00000000e6000000,0x00000000e6d80000)
 ParOldGen       total 94208K, used 20003K [0x00000000a0000000, 0x00000000a5c00000, 0x00000000e0000000)
  object space 94208K, 21% used [0x00000000a0000000,0x00000000a1388f40,0x00000000a5c00000)
 Metaspace       used 53223K, capacity 54386K, committed 54400K, reserved 1099776K
  class space    used 7199K, capacity 7552K, committed 7552K, reserved 1048576K
Event: 30.400 GC heap after
Heap after GC invocations=15 (full 3):
 PSYoungGen      total 110592K, used 0K [0x00000000e0000000, 0x00000000e8000000, 0x0000000100000000)
  eden space 98304K, 0% used [0x00000000e0000000,0x00000000e0000000,0x00000000e6000000)
  from space 12288K, 0% used [0x00000000e6d80000,0x00000000e6d80000,0x00000000e7980000)
  to   space 13824K, 0% used [0x00000000e6000000,0x00000000e6000000,0x00000000e6d80000)
 ParOldGen       total 94208K, used 27141K [0x00000000a0000000, 0x00000000a5c00000, 0x00000000e0000000)
  object space 94208K, 28% used [0x00000000a0000000,0x00000000a1a81510,0x00000000a5c00000)
 Metaspace       used 53223K, capacity 54386K, committed 54400K, reserved 1097728K
  class space    used 7199K, capacity 7552K, committed 7552K, reserved 1048576K
}

Deoptimization events (10 events):
Event: 27.602 Thread 0x0000000018ff0800 Uncommon trap: reason=bimorphic action=maybe_recompile pc=0x000000000319d17c method=java.util.regex.Pattern$5.isSatisfiedBy(I)Z @ 16
Event: 28.361 Thread 0x0000000018ff0800 Uncommon trap: reason=class_check action=maybe_recompile pc=0x0000000002b13bd8 method=java.io.DataInputStream.readUnsignedShort()I @ 4
Event: 28.361 Thread 0x0000000018ff0800 Uncommon trap: reason=class_check action=maybe_recompile pc=0x0000000002b13bd8 method=java.io.DataInputStream.readUnsignedShort()I @ 4
Event: 28.361 Thread 0x0000000018ff0800 Uncommon trap: reason=class_check action=maybe_recompile pc=0x0000000002b13bd8 method=java.io.DataInputStream.readUnsignedShort()I @ 4
Event: 28.361 Thread 0x0000000018ff0800 Uncommon trap: reason=class_check action=maybe_recompile pc=0x0000000002b13bd8 method=java.io.DataInputStream.readUnsignedShort()I @ 4
Event: 28.576 Thread 0x0000000018ff0800 Uncommon trap: reason=unstable_if action=reinterpret pc=0x0000000002adff50 method=java.util.WeakHashMap.remove(Ljava/lang/Object;)Ljava/lang/Object; @ 94
Event: 28.653 Thread 0x0000000018ff0800 Uncommon trap: reason=unstable_if action=reinterpret pc=0x0000000002cd1c68 method=java.util.regex.Pattern$BmpCharProperty.match(Ljava/util/regex/Matcher;ILjava/lang/CharSequence;)Z @ 34
Event: 29.082 Thread 0x0000000018ff0800 Uncommon trap: reason=unstable_if action=reinterpret pc=0x00000000032e1334 method=com.sun.org.apache.xerces.internal.impl.XMLEntityScanner.checkBeforeLoad(Lcom/sun/xml/internal/stream/Entity$ScannedEntity;II)I @ 18
Event: 29.103 Thread 0x0000000018ff0800 Uncommon trap: reason=unstable_if action=reinterpret pc=0x0000000003345528 method=com.sun.org.apache.xerces.internal.impl.XMLEntityScanner.scanContent(Lcom/sun/org/apache/xerces/internal/xni/XMLString;)I @ 44
Event: 29.631 Thread 0x0000000018ff0800 Uncommon trap: reason=unstable_if action=reinterpret pc=0x0000000002b2b8e4 method=java.lang.String.lastIndexOf([CII[CIII)I @ 17

Classes redefined (0 events):
No events

Internal exceptions (10 events):
Event: 29.033 Thread 0x0000000018ff0800 Exception <a 'sun/nio/fs/WindowsException'> (0x00000000e4154bc0) thrown at [D:\src\AOSP-openjdk-cygwin\jdk8u\hotspot\src\share\vm\prims\jni.cpp, line 709]
Event: 29.033 Thread 0x0000000018ff0800 Exception <a 'sun/nio/fs/WindowsException'> (0x00000000e4157f18) thrown at [D:\src\AOSP-openjdk-cygwin\jdk8u\hotspot\src\share\vm\prims\jni.cpp, line 709]
Event: 29.034 Thread 0x0000000018ff0800 Exception <a 'sun/nio/fs/WindowsException'> (0x00000000e4158d58) thrown at [D:\src\AOSP-openjdk-cygwin\jdk8u\hotspot\src\share\vm\prims\jni.cpp, line 709]
Event: 29.034 Thread 0x0000000018ff0800 Exception <a 'sun/nio/fs/WindowsException'> (0x00000000e415afa0) thrown at [D:\src\AOSP-openjdk-cygwin\jdk8u\hotspot\src\share\vm\prims\jni.cpp, line 709]
Event: 29.034 Thread 0x0000000018ff0800 Exception <a 'sun/nio/fs/WindowsException'> (0x00000000e415be20) thrown at [D:\src\AOSP-openjdk-cygwin\jdk8u\hotspot\src\share\vm\prims\jni.cpp, line 709]
Event: 29.154 Thread 0x0000000018ff0800 Exception <a 'java/lang/NoSuchMethodError': java.lang.Object.lambda$comparing$77a9974f$1(Ljava/util/function/Function;Ljava/lang/Object;Ljava/lang/Object;)I> (0x00000000e43130c0) thrown at [D:\src\AOSP-openjdk-cygwin\jdk8u\hotspot\src\share\vm\interpreter
Event: 29.156 Thread 0x0000000018ff0800 Exception <a 'java/lang/NoSuchMethodError': java.lang.Object.lambda$thenComparing$36697e65$1(Ljava/util/Comparator;Ljava/lang/Object;Ljava/lang/Object;)I> (0x00000000e431e920) thrown at [D:\src\AOSP-openjdk-cygwin\jdk8u\hotspot\src\share\vm\interpreter\li
Event: 29.201 Thread 0x0000000018ff0800 Exception <a 'java/lang/NoSuchMethodError': java.lang.Object.lambda$maxBy$1(Ljava/util/Comparator;Ljava/lang/Object;Ljava/lang/Object;)Ljava/lang/Object;> (0x00000000e448aac0) thrown at [D:\src\AOSP-openjdk-cygwin\jdk8u\hotspot\src\share\vm\interpreter\li
Event: 29.376 Thread 0x0000000018ff0800 Exception <a 'java/lang/ClassNotFoundException': org/gradle/api/plugins/BasePluginConventionBeanInfo> (0x00000000e4acd648) thrown at [D:\src\AOSP-openjdk-cygwin\jdk8u\hotspot\src\share\vm\classfile\systemDictionary.cpp, line 210]
Event: 29.377 Thread 0x0000000018ff0800 Exception <a 'java/lang/ClassNotFoundException': org/gradle/api/plugins/BasePluginConventionCustomizer> (0x00000000e4af45c0) thrown at [D:\src\AOSP-openjdk-cygwin\jdk8u\hotspot\src\share\vm\classfile\systemDictionary.cpp, line 210]

Events (10 events):
Event: 30.785 loading class com/android/build/gradle/internal/api/TestVariantImpl
Event: 30.785 loading class com/android/build/gradle/internal/api/TestVariantImpl done
Event: 30.786 loading class com/android/build/gradle/internal/api/ApkVariantImpl
Event: 30.786 loading class com/android/build/gradle/internal/api/ApkVariantImpl done
Event: 30.786 loading class com/android/build/gradle/internal/api/InstallableVariantImpl
Event: 30.786 loading class com/android/build/gradle/internal/api/InstallableVariantImpl done
Event: 30.787 loading class com/android/build/gradle/internal/api/AndroidArtifactVariantImpl
Event: 30.787 loading class com/android/build/gradle/internal/api/AndroidArtifactVariantImpl done
Event: 30.788 loading class com/android/build/gradle/internal/api/ApplicationVariantImpl
Event: 30.788 loading class com/android/build/gradle/internal/api/ApplicationVariantImpl done


Dynamic libraries:
0x00007ff742140000 - 0x00007ff742171000 	C:\Program Files\Android\Android Studio\jre\bin\java.exe
0x00007ffb94990000 - 0x00007ffb94b71000 	C:\Windows\SYSTEM32\ntdll.dll
0x00007ffb94770000 - 0x00007ffb94822000 	C:\Windows\System32\KERNEL32.DLL
0x00007ffb91190000 - 0x00007ffb91403000 	C:\Windows\System32\KERNELBASE.dll
0x00007ffb91ec0000 - 0x00007ffb91f61000 	C:\Windows\System32\ADVAPI32.dll
0x00007ffb91f80000 - 0x00007ffb9201e000 	C:\Windows\System32\msvcrt.dll
0x00007ffb940e0000 - 0x00007ffb9413b000 	C:\Windows\System32\sechost.dll
0x00007ffb92810000 - 0x00007ffb92934000 	C:\Windows\System32\RPCRT4.dll
0x00007ffb94200000 - 0x00007ffb94390000 	C:\Windows\System32\USER32.dll
0x00007ffb915a0000 - 0x00007ffb915c0000 	C:\Windows\System32\win32u.dll
0x00007ffb93f50000 - 0x00007ffb93f78000 	C:\Windows\System32\GDI32.dll
0x00007ffb90e00000 - 0x00007ffb90f92000 	C:\Windows\System32\gdi32full.dll
0x00007ffb90d60000 - 0x00007ffb90dff000 	C:\Windows\System32\msvcp_win.dll
0x00007ffb91d20000 - 0x00007ffb91e1a000 	C:\Windows\System32\ucrtbase.dll
0x00007ffb7a010000 - 0x00007ffb7a279000 	C:\Windows\WinSxS\amd64_microsoft.windows.common-controls_6595b64144ccf1df_6.0.17134.590_none_fb3d9bff3069e088\COMCTL32.dll
0x00007ffb94390000 - 0x00007ffb946b2000 	C:\Windows\System32\combase.dll
0x00007ffb914c0000 - 0x00007ffb9153a000 	C:\Windows\System32\bcryptPrimitives.dll
0x00007ffb946c0000 - 0x00007ffb946ed000 	C:\Windows\System32\IMM32.DLL
0x000000005cc20000 - 0x000000005ccf2000 	C:\Program Files\Android\Android Studio\jre\jre\bin\msvcr100.dll
0x000000005ce60000 - 0x000000005d6a1000 	C:\Program Files\Android\Android Studio\jre\jre\bin\server\jvm.dll
0x00007ffb91f70000 - 0x00007ffb91f78000 	C:\Windows\System32\PSAPI.DLL
0x00007ffb8bb40000 - 0x00007ffb8bb63000 	C:\Windows\SYSTEM32\WINMM.dll
0x00007ffb8a2c0000 - 0x00007ffb8a2ca000 	C:\Windows\SYSTEM32\VERSION.dll
0x00007ffb8baa0000 - 0x00007ffb8baa9000 	C:\Windows\SYSTEM32\WSOCK32.dll
0x00007ffb8bb10000 - 0x00007ffb8bb3a000 	C:\Windows\SYSTEM32\winmmbase.dll
0x00007ffb91cd0000 - 0x00007ffb91d19000 	C:\Windows\System32\cfgmgr32.dll
0x00007ffb93e80000 - 0x00007ffb93eec000 	C:\Windows\System32\WS2_32.dll
0x00007ffb8b2e0000 - 0x00007ffb8b2ef000 	C:\Program Files\Android\Android Studio\jre\jre\bin\verify.dll
0x00007ffb87550000 - 0x00007ffb87579000 	C:\Program Files\Android\Android Studio\jre\jre\bin\java.dll
0x00007ffb87530000 - 0x00007ffb87546000 	C:\Program Files\Android\Android Studio\jre\jre\bin\zip.dll
0x00007ffb92a40000 - 0x00007ffb93e80000 	C:\Windows\System32\SHELL32.dll
0x00007ffb94140000 - 0x00007ffb941e9000 	C:\Windows\System32\shcore.dll
0x00007ffb915c0000 - 0x00007ffb91ccd000 	C:\Windows\System32\windows.storage.dll
0x00007ffb921e0000 - 0x00007ffb92231000 	C:\Windows\System32\shlwapi.dll
0x00007ffb90cf0000 - 0x00007ffb90d01000 	C:\Windows\System32\kernel.appcore.dll
0x00007ffb90cd0000 - 0x00007ffb90cef000 	C:\Windows\System32\profapi.dll
0x00007ffb90d10000 - 0x00007ffb90d5c000 	C:\Windows\System32\powrprof.dll
0x00007ffb90cc0000 - 0x00007ffb90cca000 	C:\Windows\System32\FLTLIB.DLL
0x00007ffb87510000 - 0x00007ffb8752a000 	C:\Program Files\Android\Android Studio\jre\jre\bin\net.dll
0x00007ffb90520000 - 0x00007ffb90586000 	C:\Windows\system32\mswsock.dll
0x00007ffb80260000 - 0x00007ffb80271000 	C:\Program Files\Android\Android Studio\jre\jre\bin\nio.dll
0x00007ffb836d0000 - 0x00007ffb836ee000 	C:\Users\hansr\.gradle\native\25\windows-amd64\native-platform.dll
0x00007ffb87500000 - 0x00007ffb8750d000 	C:\Program Files\Android\Android Studio\jre\jre\bin\management.dll
0x00007ffb906e0000 - 0x00007ffb906f7000 	C:\Windows\SYSTEM32\CRYPTSP.dll
0x00007ffb90100000 - 0x00007ffb90133000 	C:\Windows\system32\rsaenh.dll
0x00007ffb90800000 - 0x00007ffb90825000 	C:\Windows\SYSTEM32\bcrypt.dll
0x00007ffb90ba0000 - 0x00007ffb90bc8000 	C:\Windows\SYSTEM32\USERENV.dll
0x00007ffb906d0000 - 0x00007ffb906db000 	C:\Windows\SYSTEM32\CRYPTBASE.dll
0x00007ffb902a0000 - 0x00007ffb902d8000 	C:\Windows\SYSTEM32\IPHLPAPI.DLL
0x00007ffb941f0000 - 0x00007ffb941f8000 	C:\Windows\System32\NSI.dll
0x00007ffb8a2d0000 - 0x00007ffb8a2e6000 	C:\Windows\SYSTEM32\dhcpcsvc6.DLL
0x00007ffb87f00000 - 0x00007ffb87f1a000 	C:\Windows\SYSTEM32\dhcpcsvc.DLL

VM Arguments:
jvm_args: -Xmx1536m -Dfile.encoding=windows-1252 -Duser.country=US -Duser.language=en -Duser.variant 
java_command: org.gradle.launcher.daemon.bootstrap.GradleDaemon 4.10.1
java_class_path (initial): C:\Users\hansr\.gradle\wrapper\dists\gradle-4.10.1-all\455itskqi2qtf0v2sja68alqd\gradle-4.10.1\lib\gradle-launcher-4.10.1.jar
Launcher Type: SUN_STANDARD

Environment Variables:
PATH=C:\Program Files (x86)\NVIDIA Corporation\PhysX\Common;C:\Program Files (x86)\Common Files\Oracle\Java\javapath;C:\Windows\system32;C:\Windows;C:\Windows\System32\Wbem;C:\Windows\System32\WindowsPowerShell\v1.0\;C:\Windows\System32\OpenSSH\;C:\Program Files\Microsoft VS Code\bin;C:\Program Files\dotnet\;C:\Program Files\Microsoft SQL Server\130\Tools\Binn\;C:\Program Files\Microsoft SQL Server\Client SDK\ODBC\130\Tools\Binn\;C:\Program Files (x86)\Microsoft SQL Server\140\Tools\Binn\;C:\Program Files\Microsoft SQL Server\140\Tools\Binn\;C:\Program Files\Microsoft SQL Server\140\DTS\Binn\;C:\Program Files (x86)\Microsoft SQL Server\Client SDK\ODBC\130\Tools\Binn\;C:\Program Files (x86)\Microsoft SQL Server\140\DTS\Binn\;C:\Program Files (x86)\Microsoft SQL Server\140\Tools\Binn\ManagementStudio\;C:\Program Files\Git\cmd;C:\Users\hansr\AppData\Local\Microsoft\WindowsApps;C:\Users\hansr\AppData\Local\Programs\Microsoft VS Code\bin;C:\Users\hansr\.dotnet\tools
USERNAME=hansr
OS=Windows_NT
PROCESSOR_IDENTIFIER=Intel64 Family 6 Model 61 Stepping 4, GenuineIntel



---------------  S Y S T E M  ---------------

OS: Windows 10.0 , 64 bit Build 17134 (10.0.17134.556)

CPU:total 4 (initial active 4) (2 cores per cpu, 2 threads per core) family 6 model 61 stepping 4, cmov, cx8, fxsr, mmx, sse, sse2, sse3, ssse3, sse4.1, sse4.2, popcnt, avx, avx2, aes, clmul, erms, 3dnowpref, lzcnt, ht, tsc, tscinvbit, bmi1, bmi2, adx

Memory: 4k page, physical 8300384k(1750048k free), swap 9324384k(5528k free)

vm_info: OpenJDK 64-Bit Server VM (25.152-b01) for windows-amd64 JRE (1.8.0_152-release-1248-b01), built by "builder" with MS VC++ 10.0 (VS2010)

time: Mon Feb 25 23:01:42 2019
elapsed time: 30 seconds (0d 0h 0m 30s)

