JvmtiExport can_access_local_variables 0
JvmtiExport can_hotswap_or_post_breakpoint 0
JvmtiExport can_post_on_exceptions 0
# 498 ciObject found
ciMethod java/lang/Object <init> ()V 4097 1 142014 0 0
ciMethod java/lang/Object hashCode ()I 2049 1 256 0 -1
ciMethod java/lang/Object equals (Ljava/lang/Object;)Z 3553 1 4230 0 -1
ciMethod java/lang/Object clone ()Ljava/lang/Object; 2049 1 256 0 -1
ciMethod java/lang/String <init> ([CII)V 2897 1 6598 0 704
ciMethod java/lang/String <init> ([BIILjava/lang/String;)V 2049 1 1027 0 -1
ciMethod java/lang/String <init> ([CZ)V 2049 1 10784 0 0
ciMethod java/lang/String length ()I 3089 1 88870 0 0
ciMethod java/lang/String charAt (I)C 4097 1 761019 0 128
ciMethod java/lang/String codePointAt (I)I 881 1 3983 0 -1
ciMethod java/lang/String getChars ([CI)V 2097 1 5438 0 0
ciMethod java/lang/String equals (Ljava/lang/Object;)Z 2049 12393 10349 0 -1
ciMethod java/lang/String equalsIgnoreCase (Ljava/lang/String;)Z 2209 1 5407 0 1472
ciMethod java/lang/String regionMatches (ZILjava/lang/String;II)Z 1705 625 3921 0 0
ciMethod java/lang/String hashCode ()I 2673 32769 1046 0 288
ciMethod java/lang/String lastIndexOf (I)I 2057 1 13957 0 0
ciMethod java/lang/String lastIndexOf (II)I 881 50017 893 0 288
ciMethod java/lang/String lastIndexOfSupplementary (II)I 0 0 1 0 -1
ciMethod java/lang/String substring (II)Ljava/lang/String; 2049 1 5617 0 992
ciMethod java/lang/String concat (Ljava/lang/String;)Ljava/lang/String; 2097 1 5438 0 896
ciMethod java/lang/String replace (CC)Ljava/lang/String; 985 49881 826 0 1152
ciMethod java/lang/String toUpperCase (Ljava/util/Locale;)Ljava/lang/String; 713 19417 865 0 2400
ciMethod java/lang/ClassLoader defineClass (Ljava/lang/String;[BIILjava/security/ProtectionDomain;)Ljava/lang/Class; 2169 1 2130 0 -1
ciMethod java/lang/ClassLoader definePackage (Ljava/lang/String;Ljava/lang/String;Ljava/lang/String;Ljava/lang/String;Ljava/lang/String;Ljava/lang/String;Ljava/lang/String;Ljava/net/URL;)Ljava/lang/Package; 945 1 347 0 0
ciMethod java/lang/ClassLoader getPackage (Ljava/lang/String;)Ljava/lang/Package; 3073 1 4017 0 0
ciMethod java/lang/System nanoTime ()J 2049 1 256 0 -1
ciMethod java/lang/System arraycopy (Ljava/lang/Object;ILjava/lang/Object;II)V 4097 1 512 0 -1
ciMethod java/lang/Throwable addSuppressed (Ljava/lang/Throwable;)V 0 0 1 0 0
ciMethod java/security/SecureClassLoader defineClass (Ljava/lang/String;[BIILjava/security/CodeSource;)Ljava/lang/Class; 2161 1 2108 0 0
ciMethod java/security/SecureClassLoader defineClass (Ljava/lang/String;Ljava/nio/ByteBuffer;Ljava/security/CodeSource;)Ljava/lang/Class; 0 0 1 0 -1
ciMethod java/security/SecureClassLoader getProtectionDomain (Ljava/security/CodeSource;)Ljava/security/ProtectionDomain; 2161 1 2130 0 -1
ciMethod java/lang/ref/Reference get ()Ljava/lang/Object; 1025 1 128 0 -1
ciMethod java/lang/ref/Reference <init> (Ljava/lang/Object;)V 3081 1 2922 0 0
ciMethod java/lang/ref/Reference <init> (Ljava/lang/Object;Ljava/lang/ref/ReferenceQueue;)V 2065 1 11523 0 0
ciMethod java/lang/ref/SoftReference <init> (Ljava/lang/Object;)V 1793 1 1237 0 0
ciMethod java/lang/ref/SoftReference get ()Ljava/lang/Object; 2049 1 4673 0 0
ciMethod java/lang/Thread currentThread ()Ljava/lang/Thread; 2049 1 256 0 -1
ciMethod java/lang/Thread interrupt ()V 0 0 1 0 -1
ciMethod java/lang/Thread interrupted ()Z 3201 1 2153 0 -1
ciMethod java/util/Map get (Ljava/lang/Object;)Ljava/lang/Object; 0 0 1 0 -1
ciMethod java/util/Map put (Ljava/lang/Object;Ljava/lang/Object;)Ljava/lang/Object; 0 0 1 0 -1
ciMethod java/util/Hashtable <init> (IF)V 2065 1 559 0 0
ciMethod java/util/Hashtable <init> (I)V 1201 1 142 0 0
ciMethod java/util/Hashtable <init> ()V 2049 1 417 0 0
ciMethod java/util/Dictionary <init> ()V 2065 1 559 0 0
ciMethod java/lang/StringBuilder <init> ()V 945 1 9427 0 -1
ciMethod java/lang/StringBuilder append (Ljava/lang/String;)Ljava/lang/StringBuilder; 2065 1 13646 0 -1
ciMethod java/lang/StringBuilder toString ()Ljava/lang/String; 1025 1 9463 0 -1
ciMethod java/io/ByteArrayInputStream <init> ([B)V 185 1 143 0 0
ciMethod java/io/InputStream <init> ()V 3073 1 5774 0 0
ciMethod java/io/InputStream read ([BII)I 9 1513 1 0 -1
ciMethod java/io/InputStream close ()V 0 0 1 0 -1
ciMethod java/net/URLClassLoader getAndVerifyPackage (Ljava/lang/String;Ljava/util/jar/Manifest;Ljava/net/URL;)Ljava/lang/Package; 3185 1 2108 0 0
ciMethod java/net/URLClassLoader definePackageInternal (Ljava/lang/String;Ljava/util/jar/Manifest;Ljava/net/URL;)V 2161 1 2108 0 0
ciMethod java/net/URLClassLoader defineClass (Ljava/lang/String;Lsun/misc/Resource;)Ljava/lang/Class; 1137 1 2108 0 0
ciMethod java/net/URLClassLoader definePackage (Ljava/lang/String;Ljava/util/jar/Manifest;Ljava/net/URL;)Ljava/lang/Package; 945 1 347 0 0
ciMethod java/net/URLClassLoader isSealed (Ljava/lang/String;Ljava/util/jar/Manifest;)Z 2049 1 1761 0 0
ciMethod java/net/URLClassLoader access$000 (Ljava/net/URLClassLoader;)Lsun/misc/URLClassPath; 1105 1 138 0 0
ciMethod java/net/URLClassLoader access$100 (Ljava/net/URLClassLoader;Ljava/lang/String;Lsun/misc/Resource;)Ljava/lang/Class; 1137 1 2104 0 0
ciMethod java/util/jar/Manifest <init> (Ljava/io/InputStream;)V 185 1 141 0 0
ciMethod java/util/jar/Manifest getMainAttributes ()Ljava/util/jar/Attributes; 1033 1 129 0 0
ciMethod java/util/jar/Manifest getEntries ()Ljava/util/Map; 1025 1 128 0 0
ciMethod java/util/jar/Manifest getAttributes (Ljava/lang/String;)Ljava/util/jar/Attributes; 2953 1 2213 0 0
ciMethod java/util/jar/Manifest read (Ljava/io/InputStream;)V 185 1 142 0 -1
ciMethod java/util/jar/Manifest parseName ([BI)Ljava/lang/String; 401 1 50 0 -1
ciMethod java/security/CodeSource <init> (Ljava/net/URL;[Ljava/security/CodeSigner;)V 2161 1 2108 0 0
ciMethod java/lang/Character charCount (I)I 1193 1 7222 0 -1
ciMethod java/lang/Character toChars (I[CI)I 0 0 1 0 -1
ciMethod java/lang/Character toChars (I)[C 0 0 1 0 -1
ciMethod java/lang/Character toLowerCase (C)C 3081 1 12820 0 0
ciMethod java/lang/Character toLowerCase (I)I 4097 1 135214 0 160
ciMethod java/lang/Character toUpperCase (C)C 2049 1 11537 0 0
ciMethod java/lang/Character toUpperCase (I)I 2049 1 11537 0 0
ciMethod java/lang/Character toUpperCaseEx (I)I 2049 1 27717 0 -1
ciMethod java/lang/Character toUpperCaseCharArray (I)[C 0 0 1 0 -1
ciMethod java/lang/Float isNaN (F)Z 2049 1 2263 0 0
ciMethod java/lang/Float floatToRawIntBits (F)I 9 1 1 0 -1
ciMethod java/util/Comparator compare (Ljava/lang/Object;Ljava/lang/Object;)I 0 0 1 0 -1
ciMethod java/security/AccessController doPrivileged (Ljava/security/PrivilegedAction;)Ljava/lang/Object; 2049 1 256 0 -1
ciMethod java/util/List add (Ljava/lang/Object;)Z 0 0 1 0 -1
ciMethod java/util/AbstractList <init> ()V 2049 1 6398 0 0
ciMethod java/util/AbstractCollection <init> ()V 473 1 9142 0 32
ciMethod java/util/ArrayList <init> (I)V 2121 1 1194 0 -1
ciMethod java/util/ArrayList <init> ()V 1145 1 2393 0 0
ciMethod java/util/ArrayList get (I)Ljava/lang/Object; 2145 1 7217 0 -1
ciMethod java/util/AbstractMap <init> ()V 545 1 3084 0 0
ciMethod java/util/HashMap hash (Ljava/lang/Object;)I 2089 1 21490 0 160
ciMethod java/util/HashMap tableSizeFor (I)I 2057 1 1203 0 0
ciMethod java/util/HashMap <init> (IF)V 2049 1 1200 0 0
ciMethod java/util/HashMap <init> (I)V 1105 1 664 0 0
ciMethod java/util/HashMap <init> ()V 225 1 1260 0 0
ciMethod java/util/HashMap get (Ljava/lang/Object;)Ljava/lang/Object; 2049 1 12727 0 576
ciMethod java/util/HashMap getNode (ILjava/lang/Object;)Ljava/util/HashMap$Node; 2065 1 5503 0 544
ciMethod java/util/HashMap put (Ljava/lang/Object;Ljava/lang/Object;)Ljava/lang/Object; 1297 1 6493 0 224
ciMethod java/util/HashMap putVal (ILjava/lang/Object;Ljava/lang/Object;ZZ)Ljava/lang/Object; 1321 17 5683 0 1344
ciMethod java/util/HashMap resize ()[Ljava/util/HashMap$Node; 529 657 1550 0 -1
ciMethod java/util/HashMap treeifyBin ([Ljava/util/HashMap$Node;I)V 0 0 1 0 -1
ciMethod java/util/HashMap newNode (ILjava/lang/Object;Ljava/lang/Object;Ljava/util/HashMap$Node;)Ljava/util/HashMap$Node; 2073 1 5417 0 224
ciMethod java/util/HashMap afterNodeAccess (Ljava/util/HashMap$Node;)V 2057 1 1287 0 0
ciMethod java/util/HashMap afterNodeInsertion (Z)V 2073 1 1293 0 0
ciMethod java/util/HashMap$Node <init> (ILjava/lang/Object;Ljava/lang/Object;Ljava/util/HashMap$Node;)V 2121 1 12241 0 0
ciMethod java/lang/Math max (II)I 617 1 48182 0 -1
ciMethod java/lang/Math min (II)I 3233 1 44693 0 -1
ciMethod java/lang/Math min (FF)F 2073 1 587 0 0
ciMethod java/util/Objects requireNonNull (Ljava/lang/Object;Ljava/lang/String;)Ljava/lang/Object; 2049 1 552 0 -1
ciMethod java/io/OutputStream <init> ()V 2057 1 346 0 0
ciMethod java/util/Arrays copyOf ([BI)[B 2049 1 10255 0 -1
ciMethod java/util/Arrays copyOf ([CI)[C 961 1 14692 0 0
ciMethod java/util/Arrays copyOfRange ([CII)[C 3105 1 6576 0 512
ciMethodData java/lang/Object <init> ()V 2 142017 orig 264 56 173 6 93 0 0 0 0 128 4 89 21 0 0 0 0 32 1 0 0 0 0 0 0 0 0 0 0 0 0 0 0 0 0 0 0 0 0 0 0 0 0 0 0 0 0 0 0 0 0 0 0 0 0 0 0 0 0 0 0 0 0 0 0 0 0 0 0 0 0 0 0 0 0 0 0 0 0 0 0 77 68 79 32 101 120 116 114 97 32 100 97 116 97 32 108 111 99 107 0 0 0 0 0 0 0 0 0 0 0 0 0 0 0 0 0 0 0 0 0 0 0 0 0 0 0 0 0 0 0 0 0 0 0 0 0 0 0 0 0 0 0 0 0 0 0 0 0 0 0 0 0 0 0 0 0 0 0 0 0 0 0 0 0 0 0 0 0 0 0 0 0 0 0 0 0 0 0 0 0 0 0 0 0 1 0 0 0 0 0 0 0 1 0 0 0 0 0 0 0 1 0 0 0 0 0 0 0 0 0 0 0 0 0 0 0 0 2 0 0 9 70 17 0 1 0 0 0 0 0 0 0 0 0 0 0 2 0 0 0 0 0 3 0 1 0 0 0 0 0 0 0 255 255 255 255 0 0 0 0 0 0 0 0 data 0 oops 0
ciMethod java/lang/IllegalArgumentException <init> (Ljava/lang/String;)V 0 0 1 0 -1
ciMethod sun/misc/MetaIndex mayContain (Ljava/lang/String;)Z 2113 3265 3452 0 -1
ciMethodData java/lang/String charAt (I)C 2 763954 orig 264 56 173 6 93 0 0 0 0 176 61 89 21 0 0 0 0 120 1 0 0 32 0 0 0 0 0 0 0 0 0 0 0 0 0 0 0 0 0 0 0 0 0 0 0 0 0 0 0 0 0 0 0 0 0 0 0 0 0 0 0 0 0 0 0 0 0 0 0 0 0 0 0 0 0 0 0 0 0 0 0 77 68 79 32 101 120 116 114 97 32 100 97 116 97 32 108 111 99 107 0 0 0 0 0 0 0 0 0 0 0 0 0 0 0 0 0 0 0 0 0 0 0 0 0 0 0 0 0 0 0 0 0 0 0 0 0 0 0 0 0 0 0 0 0 0 0 0 0 0 0 0 0 0 0 0 0 0 0 0 0 0 0 0 0 0 0 0 0 0 0 0 0 0 0 0 0 0 0 0 0 0 0 0 0 25 0 0 0 0 0 0 0 0 0 0 0 0 0 0 0 1 0 0 0 0 0 0 0 0 0 0 0 0 0 0 0 0 2 0 0 145 49 93 0 1 0 0 0 0 0 0 0 0 0 0 0 2 0 0 0 0 0 8 0 2 0 0 0 80 0 0 0 255 255 255 255 7 0 1 0 0 0 0 0 data 10 0x10007 0x0 0x40 0xba632 0xa0007 0xba632 0x30 0x0 0x120002 0x0 oops 0
ciMethod java/util/Locale getLanguage ()Ljava/lang/String; 409 1 1502 0 -1
ciMethod java/lang/CharacterData toLowerCase (I)I 0 0 1 0 -1
ciMethod java/lang/CharacterData toUpperCase (I)I 0 0 1 0 -1
ciMethod java/lang/CharacterData of (I)Ljava/lang/CharacterData; 4097 1 6004 0 96
ciMethod java/lang/CharacterDataLatin1 getProperties (I)I 4097 1 30585 0 0
ciMethod java/lang/CharacterDataLatin1 toLowerCase (I)I 4097 1 10231 0 160
ciMethod java/lang/CharacterDataLatin1 toUpperCase (I)I 3121 1 6534 0 160
ciMethod java/util/HashMap$TreeNode getTreeNode (ILjava/lang/Object;)Ljava/util/HashMap$TreeNode; 0 0 1 0 -1
ciMethod java/util/HashMap$TreeNode putTreeVal (Ljava/util/HashMap;[Ljava/util/HashMap$Node;ILjava/lang/Object;Ljava/lang/Object;)Ljava/util/HashMap$TreeNode; 0 0 1 0 -1
ciMethod java/util/HashMap$TreeNode split (Ljava/util/HashMap;[Ljava/util/HashMap$Node;II)V 0 0 1 0 -1
ciMethodData java/lang/Character toLowerCase (I)I 2 135214 orig 264 56 173 6 93 0 0 0 0 160 178 98 21 0 0 0 0 136 1 0 0 0 0 0 0 0 0 0 0 0 0 0 0 0 0 0 0 0 0 0 0 0 0 0 0 0 0 0 0 0 0 0 0 0 0 0 0 0 0 0 0 0 0 0 0 0 0 0 0 0 0 0 0 0 0 0 0 0 0 0 0 77 68 79 32 101 120 116 114 97 32 100 97 116 97 32 108 111 99 107 0 0 0 0 0 0 0 0 0 0 0 0 0 0 0 0 0 0 0 0 0 0 0 0 0 0 0 0 0 0 0 0 0 0 0 0 0 0 0 0 0 0 0 0 0 0 0 0 0 0 0 0 0 0 0 0 0 0 0 0 0 0 0 0 0 0 0 0 0 0 0 0 0 0 0 0 0 0 0 0 0 0 0 0 0 0 0 0 0 0 0 0 0 0 0 0 0 0 0 0 0 0 0 0 0 0 0 0 0 0 0 0 0 0 0 0 0 0 2 0 0 113 113 16 0 1 0 0 0 0 0 0 0 0 0 0 0 2 0 0 0 0 0 3 0 2 0 0 0 64 0 0 0 255 255 255 255 2 0 1 0 0 0 0 0 data 8 0x10002 0x20e2e 0x50005 0x0 0x1b20c020 0x20e2e 0x0 0x0 oops 1